<?xml version="1.0" encoding="UTF-8"?>
<coverage generated="1781703341221" clover="3.2.0">
  <project timestamp="1781703341221" name="All files">
    <metrics statements="675" coveredstatements="535" conditionals="360" coveredconditionals="277" methods="111" coveredmethods="78" elements="1146" coveredelements="890" complexity="0" loc="675" ncloc="675" packages="6" files="77" classes="77"/>
    <package name="src">
      <metrics statements="31" coveredstatements="31" conditionals="38" coveredconditionals="38" methods="6" coveredmethods="6"/>
      <file name="config.ts" path="/Users/Alex/Documents/GitHub/flood-map/src/config.ts">
        <metrics statements="4" coveredstatements="4" conditionals="0" coveredconditionals="0" methods="0" coveredmethods="0"/>
        <line num="11" count="1" type="stmt"/>
        <line num="19" count="1" type="stmt"/>
        <line num="128" count="1" type="stmt"/>
        <line num="215" count="1" type="stmt"/>
      </file>
      <file name="url.ts" path="/Users/Alex/Documents/GitHub/flood-map/src/url.ts">
        <metrics statements="27" coveredstatements="27" conditionals="38" coveredconditionals="38" methods="6" coveredmethods="6"/>
        <line num="14" count="8" type="stmt"/>
        <line num="15" count="8" type="stmt"/>
        <line num="16" count="32" type="stmt"/>
        <line num="17" count="32" type="cond" truecount="2" falsecount="0"/>
        <line num="18" count="12" type="stmt"/>
        <line num="19" count="12" type="cond" truecount="2" falsecount="0"/>
        <line num="21" count="8" type="stmt"/>
        <line num="22" count="8" type="stmt"/>
        <line num="31" count="4" type="stmt"/>
        <line num="32" count="4" type="stmt"/>
        <line num="33" count="12" type="cond" truecount="4" falsecount="0"/>
        <line num="34" count="11" type="stmt"/>
        <line num="36" count="4" type="cond" truecount="2" falsecount="0"/>
        <line num="37" count="4" type="cond" truecount="2" falsecount="0"/>
        <line num="38" count="4" type="cond" truecount="2" falsecount="0"/>
        <line num="39" count="4" type="cond" truecount="2" falsecount="0"/>
        <line num="40" count="4" type="cond" truecount="2" falsecount="0"/>
        <line num="41" count="4" type="cond" truecount="4" falsecount="0"/>
        <line num="42" count="4" type="stmt"/>
        <line num="43" count="4" type="cond" truecount="2" falsecount="0"/>
        <line num="48" count="23" type="stmt"/>
        <line num="49" count="23" type="cond" truecount="2" falsecount="0"/>
        <line num="50" count="15" type="stmt"/>
        <line num="51" count="15" type="stmt"/>
        <line num="52" count="15" type="cond" truecount="6" falsecount="0"/>
        <line num="53" count="13" type="stmt"/>
        <line num="57" count="7" type="stmt"/>
      </file>
    </package>
    <package name="src.app">
      <metrics statements="15" coveredstatements="15" conditionals="0" coveredconditionals="0" methods="3" coveredmethods="3"/>
      <file name="terrainSampling.ts" path="/Users/Alex/Documents/GitHub/flood-map/src/app/terrainSampling.ts">
        <metrics statements="15" coveredstatements="15" conditionals="0" coveredconditionals="0" methods="3" coveredmethods="3"/>
        <line num="5" count="9" type="stmt"/>
        <line num="6" count="9" type="stmt"/>
        <line num="7" count="9" type="stmt"/>
        <line num="8" count="9" type="stmt"/>
        <line num="9" count="9" type="stmt"/>
        <line num="10" count="9" type="stmt"/>
        <line num="11" count="9" type="stmt"/>
        <line num="12" count="9" type="stmt"/>
        <line num="13" count="54" type="stmt"/>
        <line num="14" count="9" type="stmt"/>
        <line num="15" count="9" type="stmt"/>
        <line num="16" count="9" type="stmt"/>
        <line num="21" count="6" type="stmt"/>
        <line num="22" count="6" type="stmt"/>
        <line num="23" count="6" type="stmt"/>
      </file>
    </package>
    <package name="src.geo">
      <metrics statements="475" coveredstatements="335" conditionals="276" coveredconditionals="194" methods="92" coveredmethods="59"/>
      <file name="cache.ts" path="/Users/Alex/Documents/GitHub/flood-map/src/geo/cache.ts">
        <metrics statements="110" coveredstatements="61" conditionals="57" coveredconditionals="44" methods="31" coveredmethods="14"/>
        <line num="7" count="4" type="stmt"/>
        <line num="8" count="4" type="stmt"/>
        <line num="9" count="4" type="stmt"/>
        <line num="10" count="4" type="stmt"/>
        <line num="22" count="4" type="stmt"/>
        <line num="25" count="33" type="cond" truecount="2" falsecount="0"/>
        <line num="26" count="1" type="stmt"/>
        <line num="27" count="1" type="stmt"/>
        <line num="28" count="1" type="cond" truecount="1" falsecount="1"/>
        <line num="29" count="0" type="stmt"/>
        <line num="30" count="0" type="stmt"/>
        <line num="31" count="0" type="stmt"/>
        <line num="32" count="0" type="cond" truecount="0" falsecount="2"/>
        <line num="33" count="0" type="stmt"/>
        <line num="36" count="0" type="stmt"/>
        <line num="37" count="0" type="stmt"/>
        <line num="38" count="0" type="stmt"/>
        <line num="40" count="0" type="stmt"/>
        <line num="43" count="1" type="stmt"/>
        <line num="47" count="0" type="stmt"/>
        <line num="51" count="0" type="stmt"/>
        <line num="52" count="0" type="stmt"/>
        <line num="53" count="0" type="stmt"/>
        <line num="58" count="12" type="stmt"/>
        <line num="59" count="12" type="cond" truecount="1" falsecount="1"/>
        <line num="60" count="0" type="stmt"/>
        <line num="61" count="0" type="stmt"/>
        <line num="63" count="0" type="stmt"/>
        <line num="68" count="12" type="stmt"/>
        <line num="69" count="12" type="cond" truecount="1" falsecount="1"/>
        <line num="70" count="0" type="stmt"/>
        <line num="71" count="0" type="stmt"/>
        <line num="72" count="0" type="stmt"/>
        <line num="79" count="9" type="stmt"/>
        <line num="80" count="9" type="cond" truecount="1" falsecount="1"/>
        <line num="81" count="0" type="stmt"/>
        <line num="82" count="0" type="stmt"/>
        <line num="83" count="0" type="stmt"/>
        <line num="84" count="0" type="cond" truecount="0" falsecount="2"/>
        <line num="85" count="0" type="stmt"/>
        <line num="86" count="0" type="stmt"/>
        <line num="95" count="0" type="stmt"/>
        <line num="96" count="0" type="stmt"/>
        <line num="97" count="0" type="stmt"/>
        <line num="98" count="0" type="cond" truecount="0" falsecount="2"/>
        <line num="99" count="0" type="stmt"/>
        <line num="100" count="0" type="stmt"/>
        <line num="101" count="0" type="stmt"/>
        <line num="102" count="0" type="cond" truecount="0" falsecount="2"/>
        <line num="103" count="0" type="stmt"/>
        <line num="104" count="0" type="stmt"/>
        <line num="111" count="4" type="stmt"/>
        <line num="114" count="21" type="stmt"/>
        <line num="118" count="22" type="cond" truecount="2" falsecount="0"/>
        <line num="119" count="11" type="cond" truecount="2" falsecount="0"/>
        <line num="120" count="7" type="stmt"/>
        <line num="121" count="7" type="stmt"/>
        <line num="123" count="1" type="stmt"/>
        <line num="128" count="21" type="stmt"/>
        <line num="129" count="21" type="cond" truecount="2" falsecount="0"/>
        <line num="130" count="9" type="stmt"/>
        <line num="131" count="9" type="stmt"/>
        <line num="132" count="9" type="stmt"/>
        <line num="134" count="12" type="stmt"/>
        <line num="135" count="12" type="cond" truecount="1" falsecount="1"/>
        <line num="136" count="0" type="stmt"/>
        <line num="137" count="0" type="stmt"/>
        <line num="138" count="0" type="stmt"/>
        <line num="140" count="12" type="stmt"/>
        <line num="144" count="12" type="stmt"/>
        <line num="145" count="12" type="stmt"/>
        <line num="146" count="12" type="stmt"/>
        <line num="155" count="8" type="cond" truecount="2" falsecount="0"/>
        <line num="156" count="8" type="stmt"/>
        <line num="157" count="8" type="cond" truecount="4" falsecount="0"/>
        <line num="159" count="5" type="stmt"/>
        <line num="160" count="5" type="cond" truecount="2" falsecount="0"/>
        <line num="161" count="4" type="stmt"/>
        <line num="162" count="4" type="stmt"/>
        <line num="163" count="4" type="stmt"/>
        <line num="167" count="5" type="cond" truecount="2" falsecount="0"/>
        <line num="168" count="5" type="stmt"/>
        <line num="169" count="5" type="cond" truecount="4" falsecount="0"/>
        <line num="171" count="4" type="stmt"/>
        <line num="172" count="4" type="cond" truecount="2" falsecount="0"/>
        <line num="173" count="3" type="stmt"/>
        <line num="174" count="3" type="stmt"/>
        <line num="175" count="3" type="stmt"/>
        <line num="179" count="3" type="cond" truecount="2" falsecount="0"/>
        <line num="180" count="3" type="stmt"/>
        <line num="181" count="3" type="cond" truecount="4" falsecount="0"/>
        <line num="183" count="2" type="stmt"/>
        <line num="184" count="2" type="cond" truecount="2" falsecount="0"/>
        <line num="185" count="1" type="stmt"/>
        <line num="186" count="1" type="stmt"/>
        <line num="187" count="1" type="stmt"/>
        <line num="193" count="0" type="stmt"/>
        <line num="194" count="0" type="stmt"/>
        <line num="196" count="0" type="stmt"/>
        <line num="197" count="0" type="stmt"/>
        <line num="198" count="0" type="stmt"/>
        <line num="199" count="0" type="stmt"/>
        <line num="200" count="0" type="stmt"/>
        <line num="202" count="0" type="stmt"/>
        <line num="203" count="0" type="stmt"/>
        <line num="204" count="0" type="stmt"/>
        <line num="206" count="0" type="stmt"/>
        <line num="216" count="4" type="stmt"/>
        <line num="220" count="5" type="stmt"/>
        <line num="221" count="5" type="cond" truecount="4" falsecount="0"/>
      </file>
      <file name="crust1.ts" path="/Users/Alex/Documents/GitHub/flood-map/src/geo/crust1.ts">
        <metrics statements="41" coveredstatements="32" conditionals="20" coveredconditionals="13" methods="8" coveredmethods="4"/>
        <line num="7" count="2" type="stmt"/>
        <line num="8" count="2" type="stmt"/>
        <line num="9" count="2" type="stmt"/>
        <line num="10" count="2" type="stmt"/>
        <line num="11" count="2" type="stmt"/>
        <line num="14" count="2" type="stmt"/>
        <line num="27" count="2" type="stmt"/>
        <line num="30" count="17" type="stmt"/>
        <line num="31" count="17" type="cond" truecount="2" falsecount="0"/>
        <line num="32" count="14" type="stmt"/>
        <line num="33" count="14" type="stmt"/>
        <line num="34" count="14" type="stmt"/>
        <line num="39" count="0" type="cond" truecount="0" falsecount="2"/>
        <line num="40" count="0" type="stmt"/>
        <line num="41" count="0" type="stmt"/>
        <line num="42" count="0" type="cond" truecount="0" falsecount="2"/>
        <line num="44" count="0" type="stmt"/>
        <line num="46" count="0" type="stmt"/>
        <line num="50" count="203" type="stmt"/>
        <line num="51" count="203" type="stmt"/>
        <line num="52" count="1827" type="stmt"/>
        <line num="53" count="203" type="stmt"/>
        <line num="68" count="20" type="stmt"/>
        <line num="69" count="20" type="stmt"/>
        <line num="70" count="20" type="stmt"/>
        <line num="71" count="203" type="stmt"/>
        <line num="73" count="20" type="stmt"/>
        <line num="74" count="20" type="cond" truecount="4" falsecount="0"/>
        <line num="76" count="4" type="stmt"/>
        <line num="77" count="4" type="stmt"/>
        <line num="78" count="9" type="stmt"/>
        <line num="79" count="54" type="stmt"/>
        <line num="80" count="472" type="cond" truecount="2" falsecount="0"/>
        <line num="81" count="183" type="stmt"/>
        <line num="82" count="183" type="cond" truecount="3" falsecount="1"/>
        <line num="83" count="183" type="stmt"/>
        <line num="84" count="183" type="cond" truecount="2" falsecount="0"/>
        <line num="88" count="1" type="stmt"/>
        <line num="100" count="0" type="stmt"/>
        <line num="101" count="0" type="cond" truecount="0" falsecount="2"/>
        <line num="102" count="0" type="stmt"/>
      </file>
      <file name="endpoints.ts" path="/Users/Alex/Documents/GitHub/flood-map/src/geo/endpoints.ts">
        <metrics statements="2" coveredstatements="2" conditionals="10" coveredconditionals="5" methods="0" coveredmethods="0"/>
        <line num="7" count="2" type="stmt"/>
        <line num="9" count="2" type="stmt"/>
      </file>
      <file name="geology.ts" path="/Users/Alex/Documents/GitHub/flood-map/src/geo/geology.ts">
        <metrics statements="43" coveredstatements="43" conditionals="22" coveredconditionals="22" methods="14" coveredmethods="14"/>
        <line num="36" count="1" type="stmt"/>
        <line num="38" count="1" type="stmt"/>
        <line num="40" count="1" type="stmt"/>
        <line num="46" count="1" type="stmt"/>
        <line num="50" count="28" type="stmt"/>
        <line num="51" count="28" type="stmt"/>
        <line num="52" count="133" type="stmt"/>
        <line num="53" count="133" type="stmt"/>
        <line num="54" count="133" type="stmt"/>
        <line num="56" count="28" type="stmt"/>
        <line num="60" count="11" type="stmt"/>
        <line num="61" count="77" type="stmt"/>
        <line num="62" count="11" type="cond" truecount="4" falsecount="0"/>
        <line num="68" count="11" type="stmt"/>
        <line num="69" count="11" type="stmt"/>
        <line num="75" count="11" type="stmt"/>
        <line num="76" count="11" type="stmt"/>
        <line num="77" count="11" type="cond" truecount="2" falsecount="0"/>
        <line num="82" count="12" type="stmt"/>
        <line num="83" count="48" type="stmt"/>
        <line num="84" count="12" type="stmt"/>
        <line num="85" count="12" type="stmt"/>
        <line num="86" count="12" type="stmt"/>
        <line num="92" count="12" type="stmt"/>
        <line num="93" count="12" type="stmt"/>
        <line num="94" count="12" type="stmt"/>
        <line num="103" count="9" type="stmt"/>
        <line num="104" count="9" type="stmt"/>
        <line num="113" count="4" type="stmt"/>
        <line num="114" count="124" type="stmt"/>
        <line num="115" count="124" type="cond" truecount="6" falsecount="0"/>
        <line num="117" count="2" type="stmt"/>
        <line num="122" count="2" type="stmt"/>
        <line num="127" count="2" type="stmt"/>
        <line num="136" count="3" type="cond" truecount="4" falsecount="0"/>
        <line num="142" count="3" type="stmt"/>
        <line num="143" count="27" type="stmt"/>
        <line num="151" count="3" type="stmt"/>
        <line num="167" count="14" type="stmt"/>
        <line num="175" count="2" type="stmt"/>
        <line num="176" count="2" type="stmt"/>
        <line num="186" count="1" type="stmt"/>
        <line num="194" count="1" type="stmt"/>
      </file>
      <file name="heightmap.ts" path="/Users/Alex/Documents/GitHub/flood-map/src/geo/heightmap.ts">
        <metrics statements="9" coveredstatements="9" conditionals="8" coveredconditionals="8" methods="1" coveredmethods="1"/>
        <line num="27" count="19" type="stmt"/>
        <line num="28" count="19" type="stmt"/>
        <line num="29" count="19" type="stmt"/>
        <line num="30" count="7526" type="stmt"/>
        <line num="31" count="7526" type="cond" truecount="2" falsecount="0"/>
        <line num="32" count="7526" type="cond" truecount="2" falsecount="0"/>
        <line num="34" count="19" type="cond" truecount="2" falsecount="0"/>
        <line num="35" count="19" type="cond" truecount="2" falsecount="0"/>
        <line num="36" count="19" type="stmt"/>
      </file>
      <file name="landcover.ts" path="/Users/Alex/Documents/GitHub/flood-map/src/geo/landcover.ts">
        <metrics statements="44" coveredstatements="12" conditionals="30" coveredconditionals="10" methods="5" coveredmethods="2"/>
        <line num="16" count="2" type="stmt"/>
        <line num="17" count="2" type="stmt"/>
        <line num="18" count="2" type="stmt"/>
        <line num="21" count="5" type="cond" truecount="2" falsecount="0"/>
        <line num="22" count="5" type="cond" truecount="2" falsecount="0"/>
        <line num="23" count="5" type="stmt"/>
        <line num="32" count="10" type="cond" truecount="6" falsecount="0"/>
        <line num="33" count="6" type="stmt"/>
        <line num="34" count="6" type="stmt"/>
        <line num="35" count="6" type="stmt"/>
        <line num="36" count="6" type="stmt"/>
        <line num="37" count="6" type="stmt"/>
        <line num="45" count="0" type="stmt"/>
        <line num="46" count="0" type="stmt"/>
        <line num="47" count="0" type="stmt"/>
        <line num="48" count="0" type="cond" truecount="0" falsecount="2"/>
        <line num="49" count="0" type="cond" truecount="0" falsecount="2"/>
        <line num="50" count="0" type="cond" truecount="0" falsecount="2"/>
        <line num="51" count="0" type="cond" truecount="0" falsecount="2"/>
        <line num="53" count="0" type="stmt"/>
        <line num="54" count="0" type="stmt"/>
        <line num="56" count="0" type="stmt"/>
        <line num="57" count="0" type="stmt"/>
        <line num="58" count="0" type="stmt"/>
        <line num="59" count="0" type="stmt"/>
        <line num="61" count="0" type="cond" truecount="0" falsecount="2"/>
        <line num="63" count="0" type="stmt"/>
        <line num="64" count="0" type="stmt"/>
        <line num="65" count="0" type="stmt"/>
        <line num="69" count="0" type="cond" truecount="0" falsecount="4"/>
        <line num="70" count="0" type="stmt"/>
        <line num="71" count="0" type="stmt"/>
        <line num="72" count="0" type="stmt"/>
        <line num="73" count="0" type="stmt"/>
        <line num="74" count="0" type="stmt"/>
        <line num="75" count="0" type="stmt"/>
        <line num="76" count="0" type="stmt"/>
        <line num="89" count="0" type="cond" truecount="0" falsecount="2"/>
        <line num="91" count="0" type="stmt"/>
        <line num="92" count="0" type="stmt"/>
        <line num="93" count="0" type="stmt"/>
        <line num="94" count="0" type="cond" truecount="0" falsecount="2"/>
        <line num="95" count="0" type="cond" truecount="0" falsecount="2"/>
        <line num="97" count="0" type="stmt"/>
      </file>
      <file name="osm.ts" path="/Users/Alex/Documents/GitHub/flood-map/src/geo/osm.ts">
        <metrics statements="85" coveredstatements="46" conditionals="56" coveredconditionals="33" methods="11" coveredmethods="7"/>
        <line num="27" count="2" type="stmt"/>
        <line num="38" count="0" type="stmt"/>
        <line num="40" count="0" type="stmt"/>
        <line num="41" count="0" type="stmt"/>
        <line num="42" count="0" type="stmt"/>
        <line num="43" count="0" type="stmt"/>
        <line num="45" count="0" type="stmt"/>
        <line num="48" count="0" type="cond" truecount="0" falsecount="2"/>
        <line num="51" count="2" type="stmt"/>
        <line num="58" count="8" type="cond" truecount="2" falsecount="0"/>
        <line num="59" count="8" type="cond" truecount="2" falsecount="0"/>
        <line num="60" count="7" type="cond" truecount="2" falsecount="0"/>
        <line num="61" count="8" type="cond" truecount="2" falsecount="0"/>
        <line num="62" count="4" type="cond" truecount="2" falsecount="0"/>
        <line num="66" count="8" type="stmt"/>
        <line num="74" count="7" type="cond" truecount="4" falsecount="0"/>
        <line num="78" count="4" type="stmt"/>
        <line num="79" count="4" type="stmt"/>
        <line num="80" count="4" type="stmt"/>
        <line num="81" count="12" type="stmt"/>
        <line num="82" count="36" type="stmt"/>
        <line num="83" count="36" type="stmt"/>
        <line num="84" count="36" type="stmt"/>
        <line num="87" count="4" type="stmt"/>
        <line num="91" count="7" type="stmt"/>
        <line num="92" count="27" type="stmt"/>
        <line num="93" count="7" type="stmt"/>
        <line num="94" count="7" type="stmt"/>
        <line num="95" count="7" type="stmt"/>
        <line num="96" count="62" type="stmt"/>
        <line num="97" count="62" type="stmt"/>
        <line num="98" count="62" type="stmt"/>
        <line num="99" count="242" type="stmt"/>
        <line num="100" count="242" type="cond" truecount="6" falsecount="0"/>
        <line num="101" count="124" type="stmt"/>
        <line num="104" count="62" type="stmt"/>
        <line num="105" count="62" type="stmt"/>
        <line num="106" count="62" type="stmt"/>
        <line num="107" count="62" type="stmt"/>
        <line num="108" count="1192" type="stmt"/>
        <line num="114" count="7" type="stmt"/>
        <line num="115" count="7" type="stmt"/>
        <line num="116" count="7" type="stmt"/>
        <line num="117" count="7" type="stmt"/>
        <line num="118" count="7" type="stmt"/>
        <line num="119" count="131" type="stmt"/>
        <line num="120" count="131" type="stmt"/>
        <line num="121" count="131" type="stmt"/>
        <line num="122" count="131" type="stmt"/>
        <line num="123" count="787" type="stmt"/>
        <line num="124" count="5563" type="cond" truecount="2" falsecount="0"/>
        <line num="125" count="3151" type="stmt"/>
        <line num="126" count="3151" type="cond" truecount="6" falsecount="0"/>
        <line num="137" count="0" type="stmt"/>
        <line num="138" count="0" type="stmt"/>
        <line num="139" count="0" type="stmt"/>
        <line num="150" count="0" type="stmt"/>
        <line num="152" count="0" type="stmt"/>
        <line num="153" count="0" type="stmt"/>
        <line num="154" count="0" type="stmt"/>
        <line num="155" count="0" type="stmt"/>
        <line num="158" count="0" type="stmt"/>
        <line num="159" count="0" type="stmt"/>
        <line num="160" count="0" type="stmt"/>
        <line num="161" count="0" type="stmt"/>
        <line num="162" count="0" type="stmt"/>
        <line num="164" count="0" type="stmt"/>
        <line num="165" count="0" type="cond" truecount="0" falsecount="5"/>
        <line num="166" count="0" type="cond" truecount="0" falsecount="2"/>
        <line num="167" count="0" type="stmt"/>
        <line num="169" count="0" type="cond" truecount="0" falsecount="2"/>
        <line num="170" count="0" type="stmt"/>
        <line num="171" count="0" type="stmt"/>
        <line num="172" count="0" type="cond" truecount="0" falsecount="2"/>
        <line num="173" count="0" type="stmt"/>
        <line num="174" count="0" type="stmt"/>
        <line num="175" count="0" type="stmt"/>
        <line num="176" count="0" type="cond" truecount="0" falsecount="4"/>
        <line num="177" count="0" type="cond" truecount="0" falsecount="2"/>
        <line num="178" count="0" type="stmt"/>
        <line num="179" count="0" type="cond" truecount="0" falsecount="2"/>
        <line num="180" count="0" type="stmt"/>
        <line num="181" count="0" type="cond" truecount="0" falsecount="2"/>
        <line num="182" count="0" type="stmt"/>
        <line num="186" count="0" type="stmt"/>
      </file>
      <file name="projection.ts" path="/Users/Alex/Documents/GitHub/flood-map/src/geo/projection.ts">
        <metrics statements="51" coveredstatements="49" conditionals="14" coveredconditionals="13" methods="9" coveredmethods="9"/>
        <line num="8" count="4" type="stmt"/>
        <line num="9" count="4" type="stmt"/>
        <line num="12" count="4" type="cond" truecount="1" falsecount="1"/>
        <line num="13" count="0" type="stmt"/>
        <line num="21" count="4" type="stmt"/>
        <line num="22" count="4" type="stmt"/>
        <line num="31" count="112" type="stmt"/>
        <line num="38" count="4" type="stmt"/>
        <line num="39" count="4" type="stmt"/>
        <line num="48" count="20" type="stmt"/>
        <line num="49" count="36" type="stmt"/>
        <line num="50" count="20" type="cond" truecount="2" falsecount="0"/>
        <line num="51" count="12" type="stmt"/>
        <line num="52" count="12" type="stmt"/>
        <line num="53" count="12" type="cond" truecount="2" falsecount="0"/>
        <line num="54" count="12" type="stmt"/>
        <line num="58" count="12" type="stmt"/>
        <line num="59" count="12" type="stmt"/>
        <line num="60" count="12" type="stmt"/>
        <line num="61" count="12" type="stmt"/>
        <line num="62" count="12" type="stmt"/>
        <line num="63" count="12" type="cond" truecount="2" falsecount="0"/>
        <line num="65" count="12" type="stmt"/>
        <line num="66" count="389" type="stmt"/>
        <line num="67" count="389" type="stmt"/>
        <line num="68" count="18431" type="stmt"/>
        <line num="69" count="18431" type="stmt"/>
        <line num="70" count="18431" type="stmt"/>
        <line num="71" count="18431" type="stmt"/>
        <line num="72" count="18431" type="stmt"/>
        <line num="75" count="12" type="stmt"/>
        <line num="80" count="51" type="stmt"/>
        <line num="81" count="51" type="stmt"/>
        <line num="86" count="49" type="stmt"/>
        <line num="87" count="49" type="stmt"/>
        <line num="92" count="11" type="stmt"/>
        <line num="93" count="11" type="stmt"/>
        <line num="94" count="11" type="stmt"/>
        <line num="95" count="11" type="stmt"/>
        <line num="96" count="11" type="stmt"/>
        <line num="104" count="15" type="stmt"/>
        <line num="105" count="15" type="stmt"/>
        <line num="106" count="15" type="stmt"/>
        <line num="107" count="15" type="stmt"/>
        <line num="108" count="15" type="stmt"/>
        <line num="122" count="9" type="stmt"/>
        <line num="123" count="9" type="stmt"/>
        <line num="124" count="39" type="stmt"/>
        <line num="125" count="39" type="stmt"/>
        <line num="126" count="39" type="cond" truecount="2" falsecount="0"/>
        <line num="128" count="0" type="stmt"/>
      </file>
      <file name="surface.ts" path="/Users/Alex/Documents/GitHub/flood-map/src/geo/surface.ts">
        <metrics statements="52" coveredstatements="43" conditionals="59" coveredconditionals="46" methods="8" coveredmethods="3"/>
        <line num="12" count="1" type="stmt"/>
        <line num="13" count="1" type="stmt"/>
        <line num="14" count="1" type="stmt"/>
        <line num="18" count="1" type="stmt"/>
        <line num="19" count="1" type="stmt"/>
        <line num="31" count="666" type="cond" truecount="2" falsecount="0"/>
        <line num="32" count="663" type="cond" truecount="4" falsecount="0"/>
        <line num="33" count="594" type="cond" truecount="2" falsecount="0"/>
        <line num="34" count="592" type="cond" truecount="8" falsecount="0"/>
        <line num="35" count="384" type="stmt"/>
        <line num="37" count="208" type="cond" truecount="2" falsecount="0"/>
        <line num="38" count="204" type="cond" truecount="2" falsecount="0"/>
        <line num="39" count="74" type="cond" truecount="2" falsecount="0"/>
        <line num="40" count="70" type="stmt"/>
        <line num="48" count="10" type="stmt"/>
        <line num="49" count="10" type="stmt"/>
        <line num="50" count="10" type="cond" truecount="2" falsecount="0"/>
        <line num="51" count="10" type="stmt"/>
        <line num="52" count="10" type="stmt"/>
        <line num="53" count="10" type="stmt"/>
        <line num="54" count="10" type="stmt"/>
        <line num="56" count="10" type="stmt"/>
        <line num="57" count="80" type="stmt"/>
        <line num="58" count="80" type="stmt"/>
        <line num="59" count="640" type="stmt"/>
        <line num="60" count="640" type="stmt"/>
        <line num="61" count="640" type="cond" truecount="2" falsecount="0"/>
        <line num="62" count="640" type="cond" truecount="2" falsecount="0"/>
        <line num="63" count="640" type="cond" truecount="1" falsecount="3"/>
        <line num="64" count="640" type="cond" truecount="2" falsecount="0"/>
        <line num="65" count="640" type="stmt"/>
        <line num="67" count="640" type="stmt"/>
        <line num="68" count="640" type="stmt"/>
        <line num="69" count="640" type="cond" truecount="3" falsecount="0"/>
        <line num="70" count="640" type="cond" truecount="4" falsecount="0"/>
        <line num="72" count="640" type="stmt"/>
        <line num="73" count="640" type="stmt"/>
        <line num="74" count="640" type="stmt"/>
        <line num="75" count="640" type="cond" truecount="2" falsecount="0"/>
        <line num="78" count="10" type="stmt"/>
        <line num="82" count="6" type="stmt"/>
        <line num="83" count="384" type="cond" truecount="4" falsecount="0"/>
        <line num="84" count="379" type="cond" truecount="2" falsecount="0"/>
        <line num="94" count="0" type="stmt"/>
        <line num="95" count="0" type="stmt"/>
        <line num="98" count="0" type="cond" truecount="0" falsecount="2"/>
        <line num="100" count="0" type="stmt"/>
        <line num="101" count="0" type="stmt"/>
        <line num="103" count="0" type="stmt"/>
        <line num="105" count="0" type="cond" truecount="0" falsecount="4"/>
        <line num="106" count="0" type="cond" truecount="0" falsecount="2"/>
        <line num="107" count="0" type="stmt"/>
      </file>
      <file name="syntheticTerrain.ts" path="/Users/Alex/Documents/GitHub/flood-map/src/geo/syntheticTerrain.ts">
        <metrics statements="38" coveredstatements="38" conditionals="0" coveredconditionals="0" methods="5" coveredmethods="5"/>
        <line num="9" count="138260" type="stmt"/>
        <line num="10" count="138260" type="stmt"/>
        <line num="11" count="138260" type="stmt"/>
        <line num="12" count="138260" type="stmt"/>
        <line num="16" count="69130" type="stmt"/>
        <line num="20" count="34565" type="stmt"/>
        <line num="21" count="34565" type="stmt"/>
        <line num="22" count="34565" type="stmt"/>
        <line num="23" count="34565" type="stmt"/>
        <line num="24" count="34565" type="stmt"/>
        <line num="25" count="34565" type="stmt"/>
        <line num="26" count="34565" type="stmt"/>
        <line num="27" count="34565" type="stmt"/>
        <line num="28" count="34565" type="stmt"/>
        <line num="29" count="34565" type="stmt"/>
        <line num="30" count="34565" type="stmt"/>
        <line num="34" count="6913" type="stmt"/>
        <line num="35" count="6913" type="stmt"/>
        <line num="36" count="6913" type="stmt"/>
        <line num="37" count="6913" type="stmt"/>
        <line num="38" count="34565" type="stmt"/>
        <line num="39" count="34565" type="stmt"/>
        <line num="40" count="34565" type="stmt"/>
        <line num="42" count="6913" type="stmt"/>
        <line num="50" count="12" type="stmt"/>
        <line num="51" count="12" type="stmt"/>
        <line num="52" count="12" type="stmt"/>
        <line num="54" count="12" type="stmt"/>
        <line num="55" count="281" type="stmt"/>
        <line num="56" count="6913" type="stmt"/>
        <line num="57" count="6913" type="stmt"/>
        <line num="58" count="6913" type="stmt"/>
        <line num="60" count="6913" type="stmt"/>
        <line num="61" count="6913" type="stmt"/>
        <line num="62" count="6913" type="stmt"/>
        <line num="63" count="6913" type="stmt"/>
        <line num="67" count="12" type="stmt"/>
        <line num="68" count="12" type="stmt"/>
      </file>
    </package>
    <package name="src.geo.data">
      <metrics statements="2" coveredstatements="2" conditionals="0" coveredconditionals="0" methods="0" coveredmethods="0"/>
      <file name="regionalColumns.ts" path="/Users/Alex/Documents/GitHub/flood-map/src/geo/data/regionalColumns.ts">
        <metrics statements="1" coveredstatements="1" conditionals="0" coveredconditionals="0" methods="0" coveredmethods="0"/>
        <line num="13" count="1" type="stmt"/>
      </file>
      <file name="regionalMarineColumns.ts" path="/Users/Alex/Documents/GitHub/flood-map/src/geo/data/regionalMarineColumns.ts">
        <metrics statements="1" coveredstatements="1" conditionals="0" coveredconditionals="0" methods="0" coveredmethods="0"/>
        <line num="10" count="1" type="stmt"/>
      </file>
    </package>
    <package name="src.i18n.locales">
      <metrics statements="60" coveredstatements="60" conditionals="0" coveredconditionals="0" methods="0" coveredmethods="0"/>
      <file name="af.ts" path="/Users/Alex/Documents/GitHub/flood-map/src/i18n/locales/af.ts">
        <metrics statements="1" coveredstatements="1" conditionals="0" coveredconditionals="0" methods="0" coveredmethods="0"/>
        <line num="1" count="1" type="stmt"/>
      </file>
      <file name="am.ts" path="/Users/Alex/Documents/GitHub/flood-map/src/i18n/locales/am.ts">
        <metrics statements="1" coveredstatements="1" conditionals="0" coveredconditionals="0" methods="0" coveredmethods="0"/>
        <line num="1" count="1" type="stmt"/>
      </file>
      <file name="ar.ts" path="/Users/Alex/Documents/GitHub/flood-map/src/i18n/locales/ar.ts">
        <metrics statements="1" coveredstatements="1" conditionals="0" coveredconditionals="0" methods="0" coveredmethods="0"/>
        <line num="1" count="1" type="stmt"/>
      </file>
      <file name="az.ts" path="/Users/Alex/Documents/GitHub/flood-map/src/i18n/locales/az.ts">
        <metrics statements="1" coveredstatements="1" conditionals="0" coveredconditionals="0" methods="0" coveredmethods="0"/>
        <line num="1" count="1" type="stmt"/>
      </file>
      <file name="be.ts" path="/Users/Alex/Documents/GitHub/flood-map/src/i18n/locales/be.ts">
        <metrics statements="1" coveredstatements="1" conditionals="0" coveredconditionals="0" methods="0" coveredmethods="0"/>
        <line num="1" count="1" type="stmt"/>
      </file>
      <file name="bn.ts" path="/Users/Alex/Documents/GitHub/flood-map/src/i18n/locales/bn.ts">
        <metrics statements="1" coveredstatements="1" conditionals="0" coveredconditionals="0" methods="0" coveredmethods="0"/>
        <line num="1" count="1" type="stmt"/>
      </file>
      <file name="cs.ts" path="/Users/Alex/Documents/GitHub/flood-map/src/i18n/locales/cs.ts">
        <metrics statements="1" coveredstatements="1" conditionals="0" coveredconditionals="0" methods="0" coveredmethods="0"/>
        <line num="1" count="1" type="stmt"/>
      </file>
      <file name="de.ts" path="/Users/Alex/Documents/GitHub/flood-map/src/i18n/locales/de.ts">
        <metrics statements="1" coveredstatements="1" conditionals="0" coveredconditionals="0" methods="0" coveredmethods="0"/>
        <line num="1" count="1" type="stmt"/>
      </file>
      <file name="el.ts" path="/Users/Alex/Documents/GitHub/flood-map/src/i18n/locales/el.ts">
        <metrics statements="1" coveredstatements="1" conditionals="0" coveredconditionals="0" methods="0" coveredmethods="0"/>
        <line num="1" count="1" type="stmt"/>
      </file>
      <file name="en.ts" path="/Users/Alex/Documents/GitHub/flood-map/src/i18n/locales/en.ts">
        <metrics statements="1" coveredstatements="1" conditionals="0" coveredconditionals="0" methods="0" coveredmethods="0"/>
        <line num="4" count="1" type="stmt"/>
      </file>
      <file name="es.ts" path="/Users/Alex/Documents/GitHub/flood-map/src/i18n/locales/es.ts">
        <metrics statements="1" coveredstatements="1" conditionals="0" coveredconditionals="0" methods="0" coveredmethods="0"/>
        <line num="1" count="1" type="stmt"/>
      </file>
      <file name="fa.ts" path="/Users/Alex/Documents/GitHub/flood-map/src/i18n/locales/fa.ts">
        <metrics statements="1" coveredstatements="1" conditionals="0" coveredconditionals="0" methods="0" coveredmethods="0"/>
        <line num="1" count="1" type="stmt"/>
      </file>
      <file name="fr.ts" path="/Users/Alex/Documents/GitHub/flood-map/src/i18n/locales/fr.ts">
        <metrics statements="1" coveredstatements="1" conditionals="0" coveredconditionals="0" methods="0" coveredmethods="0"/>
        <line num="4" count="1" type="stmt"/>
      </file>
      <file name="gu.ts" path="/Users/Alex/Documents/GitHub/flood-map/src/i18n/locales/gu.ts">
        <metrics statements="1" coveredstatements="1" conditionals="0" coveredconditionals="0" methods="0" coveredmethods="0"/>
        <line num="4" count="1" type="stmt"/>
      </file>
      <file name="ha.ts" path="/Users/Alex/Documents/GitHub/flood-map/src/i18n/locales/ha.ts">
        <metrics statements="1" coveredstatements="1" conditionals="0" coveredconditionals="0" methods="0" coveredmethods="0"/>
        <line num="1" count="1" type="stmt"/>
      </file>
      <file name="he.ts" path="/Users/Alex/Documents/GitHub/flood-map/src/i18n/locales/he.ts">
        <metrics statements="1" coveredstatements="1" conditionals="0" coveredconditionals="0" methods="0" coveredmethods="0"/>
        <line num="1" count="1" type="stmt"/>
      </file>
      <file name="hi.ts" path="/Users/Alex/Documents/GitHub/flood-map/src/i18n/locales/hi.ts">
        <metrics statements="1" coveredstatements="1" conditionals="0" coveredconditionals="0" methods="0" coveredmethods="0"/>
        <line num="1" count="1" type="stmt"/>
      </file>
      <file name="hy.ts" path="/Users/Alex/Documents/GitHub/flood-map/src/i18n/locales/hy.ts">
        <metrics statements="1" coveredstatements="1" conditionals="0" coveredconditionals="0" methods="0" coveredmethods="0"/>
        <line num="1" count="1" type="stmt"/>
      </file>
      <file name="id.ts" path="/Users/Alex/Documents/GitHub/flood-map/src/i18n/locales/id.ts">
        <metrics statements="1" coveredstatements="1" conditionals="0" coveredconditionals="0" methods="0" coveredmethods="0"/>
        <line num="1" count="1" type="stmt"/>
      </file>
      <file name="ig.ts" path="/Users/Alex/Documents/GitHub/flood-map/src/i18n/locales/ig.ts">
        <metrics statements="1" coveredstatements="1" conditionals="0" coveredconditionals="0" methods="0" coveredmethods="0"/>
        <line num="1" count="1" type="stmt"/>
      </file>
      <file name="it.ts" path="/Users/Alex/Documents/GitHub/flood-map/src/i18n/locales/it.ts">
        <metrics statements="1" coveredstatements="1" conditionals="0" coveredconditionals="0" methods="0" coveredmethods="0"/>
        <line num="1" count="1" type="stmt"/>
      </file>
      <file name="ja.ts" path="/Users/Alex/Documents/GitHub/flood-map/src/i18n/locales/ja.ts">
        <metrics statements="1" coveredstatements="1" conditionals="0" coveredconditionals="0" methods="0" coveredmethods="0"/>
        <line num="1" count="1" type="stmt"/>
      </file>
      <file name="jv.ts" path="/Users/Alex/Documents/GitHub/flood-map/src/i18n/locales/jv.ts">
        <metrics statements="1" coveredstatements="1" conditionals="0" coveredconditionals="0" methods="0" coveredmethods="0"/>
        <line num="4" count="1" type="stmt"/>
      </file>
      <file name="ka.ts" path="/Users/Alex/Documents/GitHub/flood-map/src/i18n/locales/ka.ts">
        <metrics statements="1" coveredstatements="1" conditionals="0" coveredconditionals="0" methods="0" coveredmethods="0"/>
        <line num="1" count="1" type="stmt"/>
      </file>
      <file name="kk.ts" path="/Users/Alex/Documents/GitHub/flood-map/src/i18n/locales/kk.ts">
        <metrics statements="1" coveredstatements="1" conditionals="0" coveredconditionals="0" methods="0" coveredmethods="0"/>
        <line num="1" count="1" type="stmt"/>
      </file>
      <file name="kn.ts" path="/Users/Alex/Documents/GitHub/flood-map/src/i18n/locales/kn.ts">
        <metrics statements="1" coveredstatements="1" conditionals="0" coveredconditionals="0" methods="0" coveredmethods="0"/>
        <line num="1" count="1" type="stmt"/>
      </file>
      <file name="ko.ts" path="/Users/Alex/Documents/GitHub/flood-map/src/i18n/locales/ko.ts">
        <metrics statements="1" coveredstatements="1" conditionals="0" coveredconditionals="0" methods="0" coveredmethods="0"/>
        <line num="1" count="1" type="stmt"/>
      </file>
      <file name="ky.ts" path="/Users/Alex/Documents/GitHub/flood-map/src/i18n/locales/ky.ts">
        <metrics statements="1" coveredstatements="1" conditionals="0" coveredconditionals="0" methods="0" coveredmethods="0"/>
        <line num="1" count="1" type="stmt"/>
      </file>
      <file name="ml.ts" path="/Users/Alex/Documents/GitHub/flood-map/src/i18n/locales/ml.ts">
        <metrics statements="1" coveredstatements="1" conditionals="0" coveredconditionals="0" methods="0" coveredmethods="0"/>
        <line num="1" count="1" type="stmt"/>
      </file>
      <file name="mr.ts" path="/Users/Alex/Documents/GitHub/flood-map/src/i18n/locales/mr.ts">
        <metrics statements="1" coveredstatements="1" conditionals="0" coveredconditionals="0" methods="0" coveredmethods="0"/>
        <line num="4" count="1" type="stmt"/>
      </file>
      <file name="ms.ts" path="/Users/Alex/Documents/GitHub/flood-map/src/i18n/locales/ms.ts">
        <metrics statements="1" coveredstatements="1" conditionals="0" coveredconditionals="0" methods="0" coveredmethods="0"/>
        <line num="1" count="1" type="stmt"/>
      </file>
      <file name="my.ts" path="/Users/Alex/Documents/GitHub/flood-map/src/i18n/locales/my.ts">
        <metrics statements="1" coveredstatements="1" conditionals="0" coveredconditionals="0" methods="0" coveredmethods="0"/>
        <line num="4" count="1" type="stmt"/>
      </file>
      <file name="nl.ts" path="/Users/Alex/Documents/GitHub/flood-map/src/i18n/locales/nl.ts">
        <metrics statements="1" coveredstatements="1" conditionals="0" coveredconditionals="0" methods="0" coveredmethods="0"/>
        <line num="1" count="1" type="stmt"/>
      </file>
      <file name="or.ts" path="/Users/Alex/Documents/GitHub/flood-map/src/i18n/locales/or.ts">
        <metrics statements="1" coveredstatements="1" conditionals="0" coveredconditionals="0" methods="0" coveredmethods="0"/>
        <line num="4" count="1" type="stmt"/>
      </file>
      <file name="pa.ts" path="/Users/Alex/Documents/GitHub/flood-map/src/i18n/locales/pa.ts">
        <metrics statements="1" coveredstatements="1" conditionals="0" coveredconditionals="0" methods="0" coveredmethods="0"/>
        <line num="4" count="1" type="stmt"/>
      </file>
      <file name="pl.ts" path="/Users/Alex/Documents/GitHub/flood-map/src/i18n/locales/pl.ts">
        <metrics statements="1" coveredstatements="1" conditionals="0" coveredconditionals="0" methods="0" coveredmethods="0"/>
        <line num="1" count="1" type="stmt"/>
      </file>
      <file name="ps.ts" path="/Users/Alex/Documents/GitHub/flood-map/src/i18n/locales/ps.ts">
        <metrics statements="1" coveredstatements="1" conditionals="0" coveredconditionals="0" methods="0" coveredmethods="0"/>
        <line num="1" count="1" type="stmt"/>
      </file>
      <file name="pt.ts" path="/Users/Alex/Documents/GitHub/flood-map/src/i18n/locales/pt.ts">
        <metrics statements="1" coveredstatements="1" conditionals="0" coveredconditionals="0" methods="0" coveredmethods="0"/>
        <line num="1" count="1" type="stmt"/>
      </file>
      <file name="ro.ts" path="/Users/Alex/Documents/GitHub/flood-map/src/i18n/locales/ro.ts">
        <metrics statements="1" coveredstatements="1" conditionals="0" coveredconditionals="0" methods="0" coveredmethods="0"/>
        <line num="1" count="1" type="stmt"/>
      </file>
      <file name="ru.ts" path="/Users/Alex/Documents/GitHub/flood-map/src/i18n/locales/ru.ts">
        <metrics statements="1" coveredstatements="1" conditionals="0" coveredconditionals="0" methods="0" coveredmethods="0"/>
        <line num="1" count="1" type="stmt"/>
      </file>
      <file name="so.ts" path="/Users/Alex/Documents/GitHub/flood-map/src/i18n/locales/so.ts">
        <metrics statements="1" coveredstatements="1" conditionals="0" coveredconditionals="0" methods="0" coveredmethods="0"/>
        <line num="1" count="1" type="stmt"/>
      </file>
      <file name="su.ts" path="/Users/Alex/Documents/GitHub/flood-map/src/i18n/locales/su.ts">
        <metrics statements="1" coveredstatements="1" conditionals="0" coveredconditionals="0" methods="0" coveredmethods="0"/>
        <line num="1" count="1" type="stmt"/>
      </file>
      <file name="sv.ts" path="/Users/Alex/Documents/GitHub/flood-map/src/i18n/locales/sv.ts">
        <metrics statements="1" coveredstatements="1" conditionals="0" coveredconditionals="0" methods="0" coveredmethods="0"/>
        <line num="1" count="1" type="stmt"/>
      </file>
      <file name="sw.ts" path="/Users/Alex/Documents/GitHub/flood-map/src/i18n/locales/sw.ts">
        <metrics statements="1" coveredstatements="1" conditionals="0" coveredconditionals="0" methods="0" coveredmethods="0"/>
        <line num="1" count="1" type="stmt"/>
      </file>
      <file name="ta.ts" path="/Users/Alex/Documents/GitHub/flood-map/src/i18n/locales/ta.ts">
        <metrics statements="1" coveredstatements="1" conditionals="0" coveredconditionals="0" methods="0" coveredmethods="0"/>
        <line num="1" count="1" type="stmt"/>
      </file>
      <file name="te.ts" path="/Users/Alex/Documents/GitHub/flood-map/src/i18n/locales/te.ts">
        <metrics statements="1" coveredstatements="1" conditionals="0" coveredconditionals="0" methods="0" coveredmethods="0"/>
        <line num="1" count="1" type="stmt"/>
      </file>
      <file name="tg.ts" path="/Users/Alex/Documents/GitHub/flood-map/src/i18n/locales/tg.ts">
        <metrics statements="1" coveredstatements="1" conditionals="0" coveredconditionals="0" methods="0" coveredmethods="0"/>
        <line num="1" count="1" type="stmt"/>
      </file>
      <file name="th.ts" path="/Users/Alex/Documents/GitHub/flood-map/src/i18n/locales/th.ts">
        <metrics statements="1" coveredstatements="1" conditionals="0" coveredconditionals="0" methods="0" coveredmethods="0"/>
        <line num="1" count="1" type="stmt"/>
      </file>
      <file name="tk.ts" path="/Users/Alex/Documents/GitHub/flood-map/src/i18n/locales/tk.ts">
        <metrics statements="1" coveredstatements="1" conditionals="0" coveredconditionals="0" methods="0" coveredmethods="0"/>
        <line num="1" count="1" type="stmt"/>
      </file>
      <file name="tl.ts" path="/Users/Alex/Documents/GitHub/flood-map/src/i18n/locales/tl.ts">
        <metrics statements="1" coveredstatements="1" conditionals="0" coveredconditionals="0" methods="0" coveredmethods="0"/>
        <line num="1" count="1" type="stmt"/>
      </file>
      <file name="tr.ts" path="/Users/Alex/Documents/GitHub/flood-map/src/i18n/locales/tr.ts">
        <metrics statements="1" coveredstatements="1" conditionals="0" coveredconditionals="0" methods="0" coveredmethods="0"/>
        <line num="1" count="1" type="stmt"/>
      </file>
      <file name="uk.ts" path="/Users/Alex/Documents/GitHub/flood-map/src/i18n/locales/uk.ts">
        <metrics statements="1" coveredstatements="1" conditionals="0" coveredconditionals="0" methods="0" coveredmethods="0"/>
        <line num="1" count="1" type="stmt"/>
      </file>
      <file name="ur.ts" path="/Users/Alex/Documents/GitHub/flood-map/src/i18n/locales/ur.ts">
        <metrics statements="1" coveredstatements="1" conditionals="0" coveredconditionals="0" methods="0" coveredmethods="0"/>
        <line num="1" count="1" type="stmt"/>
      </file>
      <file name="uz.ts" path="/Users/Alex/Documents/GitHub/flood-map/src/i18n/locales/uz.ts">
        <metrics statements="1" coveredstatements="1" conditionals="0" coveredconditionals="0" methods="0" coveredmethods="0"/>
        <line num="1" count="1" type="stmt"/>
      </file>
      <file name="vi.ts" path="/Users/Alex/Documents/GitHub/flood-map/src/i18n/locales/vi.ts">
        <metrics statements="1" coveredstatements="1" conditionals="0" coveredconditionals="0" methods="0" coveredmethods="0"/>
        <line num="1" count="1" type="stmt"/>
      </file>
      <file name="wuu.ts" path="/Users/Alex/Documents/GitHub/flood-map/src/i18n/locales/wuu.ts">
        <metrics statements="1" coveredstatements="1" conditionals="0" coveredconditionals="0" methods="0" coveredmethods="0"/>
        <line num="4" count="1" type="stmt"/>
      </file>
      <file name="yo.ts" path="/Users/Alex/Documents/GitHub/flood-map/src/i18n/locales/yo.ts">
        <metrics statements="1" coveredstatements="1" conditionals="0" coveredconditionals="0" methods="0" coveredmethods="0"/>
        <line num="1" count="1" type="stmt"/>
      </file>
      <file name="yue.ts" path="/Users/Alex/Documents/GitHub/flood-map/src/i18n/locales/yue.ts">
        <metrics statements="1" coveredstatements="1" conditionals="0" coveredconditionals="0" methods="0" coveredmethods="0"/>
        <line num="4" count="1" type="stmt"/>
      </file>
      <file name="zh.ts" path="/Users/Alex/Documents/GitHub/flood-map/src/i18n/locales/zh.ts">
        <metrics statements="1" coveredstatements="1" conditionals="0" coveredconditionals="0" methods="0" coveredmethods="0"/>
        <line num="1" count="1" type="stmt"/>
      </file>
      <file name="zu.ts" path="/Users/Alex/Documents/GitHub/flood-map/src/i18n/locales/zu.ts">
        <metrics statements="1" coveredstatements="1" conditionals="0" coveredconditionals="0" methods="0" coveredmethods="0"/>
        <line num="1" count="1" type="stmt"/>
      </file>
    </package>
    <package name="src.sim">
      <metrics statements="92" coveredstatements="92" conditionals="46" coveredconditionals="45" methods="10" coveredmethods="10"/>
      <file name="storm.ts" path="/Users/Alex/Documents/GitHub/flood-map/src/sim/storm.ts">
        <metrics statements="14" coveredstatements="14" conditionals="8" coveredconditionals="8" methods="2" coveredmethods="2"/>
        <line num="13" count="1" type="stmt"/>
        <line num="26" count="77648" type="cond" truecount="2" falsecount="0"/>
        <line num="27" count="77643" type="stmt"/>
        <line num="28" count="77643" type="stmt"/>
        <line num="29" count="77643" type="cond" truecount="2" falsecount="0"/>
        <line num="30" count="77620" type="stmt"/>
        <line num="31" count="347457" type="cond" truecount="2" falsecount="0"/>
        <line num="32" count="77612" type="stmt"/>
        <line num="33" count="77612" type="stmt"/>
        <line num="34" count="77612" type="stmt"/>
        <line num="37" count="8" type="stmt"/>
        <line num="41" count="28" type="cond" truecount="2" falsecount="0"/>
        <line num="42" count="27" type="stmt"/>
        <line num="43" count="27" type="stmt"/>
      </file>
      <file name="virtualPipes.ts" path="/Users/Alex/Documents/GitHub/flood-map/src/sim/virtualPipes.ts">
        <metrics statements="78" coveredstatements="78" conditionals="38" coveredconditionals="37" methods="8" coveredmethods="8"/>
        <line num="40" count="133477" type="stmt"/>
        <line num="41" count="133477" type="stmt"/>
        <line num="45" count="506284" type="stmt"/>
        <line num="46" count="506284" type="stmt"/>
        <line num="55" count="133477" type="stmt"/>
        <line num="56" count="133477" type="stmt"/>
        <line num="57" count="133477" type="stmt"/>
        <line num="58" count="133477" type="stmt"/>
        <line num="59" count="133477" type="stmt"/>
        <line num="60" count="133477" type="stmt"/>
        <line num="61" count="133477" type="cond" truecount="2" falsecount="0"/>
        <line num="63" count="133477" type="stmt"/>
        <line num="64" count="133477" type="stmt"/>
        <line num="65" count="133477" type="stmt"/>
        <line num="66" count="133477" type="stmt"/>
        <line num="67" count="133477" type="cond" truecount="2" falsecount="0"/>
        <line num="68" count="133477" type="cond" truecount="2" falsecount="0"/>
        <line num="69" count="133477" type="cond" truecount="2" falsecount="0"/>
        <line num="70" count="133477" type="cond" truecount="2" falsecount="0"/>
        <line num="71" count="133477" type="cond" truecount="2" falsecount="0"/>
        <line num="73" count="133477" type="stmt"/>
        <line num="74" count="133477" type="stmt"/>
        <line num="75" count="133477" type="stmt"/>
        <line num="76" count="133477" type="stmt"/>
        <line num="77" count="133477" type="stmt"/>
        <line num="78" count="133477" type="stmt"/>
        <line num="79" count="133477" type="cond" truecount="2" falsecount="0"/>
        <line num="80" count="133477" type="stmt"/>
        <line num="85" count="124548" type="stmt"/>
        <line num="86" count="124548" type="cond" truecount="2" falsecount="0"/>
        <line num="87" count="124548" type="cond" truecount="1" falsecount="1"/>
        <line num="88" count="124548" type="cond" truecount="2" falsecount="0"/>
        <line num="89" count="124548" type="cond" truecount="2" falsecount="0"/>
        <line num="90" count="124548" type="stmt"/>
        <line num="99" count="8" type="stmt"/>
        <line num="100" count="8" type="stmt"/>
        <line num="101" count="8" type="stmt"/>
        <line num="102" count="8" type="stmt"/>
        <line num="103" count="136" type="stmt"/>
        <line num="104" count="2368" type="stmt"/>
        <line num="105" count="2368" type="stmt"/>
        <line num="106" count="2368" type="stmt"/>
        <line num="107" count="2368" type="cond" truecount="2" falsecount="0"/>
        <line num="108" count="2368" type="cond" truecount="2" falsecount="0"/>
        <line num="109" count="2368" type="cond" truecount="2" falsecount="0"/>
        <line num="110" count="2368" type="cond" truecount="2" falsecount="0"/>
        <line num="111" count="2368" type="stmt"/>
        <line num="112" count="2368" type="stmt"/>
        <line num="113" count="2368" type="stmt"/>
        <line num="116" count="8" type="stmt"/>
        <line num="127" count="341" type="stmt"/>
        <line num="128" count="341" type="stmt"/>
        <line num="129" count="341" type="stmt"/>
        <line num="130" count="6378" type="stmt"/>
        <line num="131" count="122180" type="stmt"/>
        <line num="132" count="122180" type="stmt"/>
        <line num="133" count="122180" type="stmt"/>
        <line num="134" count="122180" type="stmt"/>
        <line num="135" count="122180" type="stmt"/>
        <line num="136" count="122180" type="stmt"/>
        <line num="139" count="341" type="stmt"/>
        <line num="143" count="341" type="stmt"/>
        <line num="144" count="341" type="stmt"/>
        <line num="145" count="341" type="stmt"/>
        <line num="146" count="341" type="stmt"/>
        <line num="147" count="6378" type="stmt"/>
        <line num="148" count="122180" type="stmt"/>
        <line num="149" count="122180" type="stmt"/>
        <line num="150" count="122180" type="stmt"/>
        <line num="151" count="122180" type="cond" truecount="2" falsecount="0"/>
        <line num="152" count="122180" type="cond" truecount="2" falsecount="0"/>
        <line num="153" count="122180" type="cond" truecount="2" falsecount="0"/>
        <line num="154" count="122180" type="cond" truecount="2" falsecount="0"/>
        <line num="155" count="122180" type="stmt"/>
        <line num="156" count="122180" type="stmt"/>
        <line num="157" count="122180" type="stmt"/>
        <line num="160" count="341" type="stmt"/>
        <line num="164" count="340" type="stmt"/>
      </file>
    </package>
  </project>
</coverage>
