{"/Users/Alex/Documents/GitHub/flood-map/src/config.ts": {"path":"/Users/Alex/Documents/GitHub/flood-map/src/config.ts","statementMap":{"0":{"start":{"line":11,"column":55},"end":{"line":17,"column":null}},"1":{"start":{"line":19,"column":76},"end":{"line":24,"column":null}},"2":{"start":{"line":128,"column":38},"end":{"line":213,"column":null}},"3":{"start":{"line":215,"column":32},"end":{"line":215,"column":null}}},"fnMap":{},"branchMap":{},"s":{"0":1,"1":1,"2":1,"3":1},"f":{},"b":{},"meta":{"lastBranch":0,"lastFunction":0,"lastStatement":4,"seen":{"s:11:55:17:Infinity":0,"s:19:76:24:Infinity":1,"s:128:38:213:Infinity":2,"s:215:32:215:Infinity":3},"fnNames":{}}}
,"/Users/Alex/Documents/GitHub/flood-map/src/url.ts": {"path":"/Users/Alex/Documents/GitHub/flood-map/src/url.ts","statementMap":{"0":{"start":{"line":14,"column":12},"end":{"line":14,"column":null}},"1":{"start":{"line":15,"column":8},"end":{"line":20,"column":null}},"2":{"start":{"line":16,"column":14},"end":{"line":16,"column":null}},"3":{"start":{"line":17,"column":4},"end":{"line":17,"column":null}},"4":{"start":{"line":17,"column":20},"end":{"line":17,"column":null}},"5":{"start":{"line":18,"column":14},"end":{"line":18,"column":null}},"6":{"start":{"line":19,"column":4},"end":{"line":19,"column":null}},"7":{"start":{"line":21,"column":18},"end":{"line":21,"column":null}},"8":{"start":{"line":22,"column":2},"end":{"line":26,"column":null}},"9":{"start":{"line":31,"column":12},"end":{"line":31,"column":null}},"10":{"start":{"line":32,"column":8},"end":{"line":35,"column":null}},"11":{"start":{"line":33,"column":4},"end":{"line":34,"column":null}},"12":{"start":{"line":33,"column":37},"end":{"line":33,"column":null}},"13":{"start":{"line":34,"column":9},"end":{"line":34,"column":null}},"14":{"start":{"line":36,"column":2},"end":{"line":36,"column":null}},"15":{"start":{"line":36,"column":22},"end":{"line":36,"column":null}},"16":{"start":{"line":37,"column":2},"end":{"line":37,"column":null}},"17":{"start":{"line":37,"column":22},"end":{"line":37,"column":null}},"18":{"start":{"line":38,"column":2},"end":{"line":38,"column":null}},"19":{"start":{"line":38,"column":21},"end":{"line":38,"column":null}},"20":{"start":{"line":39,"column":2},"end":{"line":39,"column":null}},"21":{"start":{"line":39,"column":23},"end":{"line":39,"column":null}},"22":{"start":{"line":40,"column":2},"end":{"line":40,"column":null}},"23":{"start":{"line":40,"column":23},"end":{"line":40,"column":null}},"24":{"start":{"line":41,"column":2},"end":{"line":41,"column":null}},"25":{"start":{"line":41,"column":23},"end":{"line":41,"column":null}},"26":{"start":{"line":42,"column":13},"end":{"line":42,"column":null}},"27":{"start":{"line":43,"column":2},"end":{"line":43,"column":null}},"28":{"start":{"line":48,"column":12},"end":{"line":48,"column":null}},"29":{"start":{"line":49,"column":2},"end":{"line":49,"column":null}},"30":{"start":{"line":49,"column":10},"end":{"line":49,"column":null}},"31":{"start":{"line":50,"column":14},"end":{"line":50,"column":null}},"32":{"start":{"line":51,"column":14},"end":{"line":51,"column":null}},"33":{"start":{"line":52,"column":2},"end":{"line":52,"column":null}},"34":{"start":{"line":52,"column":56},"end":{"line":52,"column":null}},"35":{"start":{"line":53,"column":2},"end":{"line":53,"column":null}},"36":{"start":{"line":57,"column":2},"end":{"line":57,"column":null}}},"fnMap":{"0":{"name":"readUrlState","decl":{"start":{"line":13,"column":16},"end":{"line":13,"column":41}},"loc":{"start":{"line":13,"column":41},"end":{"line":27,"column":null}},"line":13},"1":{"name":"(anonymous_1)","decl":{"start":{"line":15,"column":8},"end":{"line":15,"column":15}},"loc":{"start":{"line":15,"column":49},"end":{"line":20,"column":null}},"line":15},"2":{"name":"writeUrlState","decl":{"start":{"line":30,"column":16},"end":{"line":30,"column":30}},"loc":{"start":{"line":30,"column":53},"end":{"line":44,"column":null}},"line":30},"3":{"name":"(anonymous_3)","decl":{"start":{"line":32,"column":8},"end":{"line":32,"column":15}},"loc":{"start":{"line":32,"column":61},"end":{"line":35,"column":null}},"line":32},"4":{"name":"parseCoords","decl":{"start":{"line":47,"column":16},"end":{"line":47,"column":28}},"loc":{"start":{"line":47,"column":79},"end":{"line":54,"column":null}},"line":47},"5":{"name":"formatCoords","decl":{"start":{"line":56,"column":16},"end":{"line":56,"column":29}},"loc":{"start":{"line":56,"column":63},"end":{"line":58,"column":null}},"line":56}},"branchMap":{"0":{"loc":{"start":{"line":17,"column":4},"end":{"line":17,"column":null}},"type":"if","locations":[{"start":{"line":17,"column":4},"end":{"line":17,"column":null}},{"start":{},"end":{}}],"line":17},"1":{"loc":{"start":{"line":19,"column":11},"end":{"line":19,"column":null}},"type":"cond-expr","locations":[{"start":{"line":19,"column":25},"end":{"line":19,"column":29}},{"start":{"line":19,"column":29},"end":{"line":19,"column":null}}],"line":19},"2":{"loc":{"start":{"line":24,"column":10},"end":{"line":24,"column":null}},"type":"binary-expr","locations":[{"start":{"line":24,"column":10},"end":{"line":24,"column":27}},{"start":{"line":24,"column":27},"end":{"line":24,"column":null}}],"line":24},"3":{"loc":{"start":{"line":25,"column":10},"end":{"line":25,"column":null}},"type":"cond-expr","locations":[{"start":{"line":25,"column":29},"end":{"line":25,"column":41}},{"start":{"line":25,"column":41},"end":{"line":25,"column":null}}],"line":25},"4":{"loc":{"start":{"line":25,"column":41},"end":{"line":25,"column":null}},"type":"binary-expr","locations":[{"start":{"line":25,"column":41},"end":{"line":25,"column":60}},{"start":{"line":25,"column":60},"end":{"line":25,"column":null}}],"line":25},"5":{"loc":{"start":{"line":33,"column":4},"end":{"line":34,"column":null}},"type":"if","locations":[{"start":{"line":33,"column":4},"end":{"line":34,"column":null}},{"start":{"line":34,"column":9},"end":{"line":34,"column":null}}],"line":33},"6":{"loc":{"start":{"line":33,"column":8},"end":{"line":33,"column":37}},"type":"binary-expr","locations":[{"start":{"line":33,"column":8},"end":{"line":33,"column":27}},{"start":{"line":33,"column":27},"end":{"line":33,"column":37}}],"line":33},"7":{"loc":{"start":{"line":36,"column":2},"end":{"line":36,"column":null}},"type":"if","locations":[{"start":{"line":36,"column":2},"end":{"line":36,"column":null}},{"start":{},"end":{}}],"line":36},"8":{"loc":{"start":{"line":37,"column":2},"end":{"line":37,"column":null}},"type":"if","locations":[{"start":{"line":37,"column":2},"end":{"line":37,"column":null}},{"start":{},"end":{}}],"line":37},"9":{"loc":{"start":{"line":38,"column":2},"end":{"line":38,"column":null}},"type":"if","locations":[{"start":{"line":38,"column":2},"end":{"line":38,"column":null}},{"start":{},"end":{}}],"line":38},"10":{"loc":{"start":{"line":39,"column":2},"end":{"line":39,"column":null}},"type":"if","locations":[{"start":{"line":39,"column":2},"end":{"line":39,"column":null}},{"start":{},"end":{}}],"line":39},"11":{"loc":{"start":{"line":40,"column":2},"end":{"line":40,"column":null}},"type":"if","locations":[{"start":{"line":40,"column":2},"end":{"line":40,"column":null}},{"start":{},"end":{}}],"line":40},"12":{"loc":{"start":{"line":41,"column":2},"end":{"line":41,"column":null}},"type":"if","locations":[{"start":{"line":41,"column":2},"end":{"line":41,"column":null}},{"start":{},"end":{}}],"line":41},"13":{"loc":{"start":{"line":41,"column":35},"end":{"line":41,"column":63}},"type":"cond-expr","locations":[{"start":{"line":41,"column":48},"end":{"line":41,"column":54}},{"start":{"line":41,"column":54},"end":{"line":41,"column":63}}],"line":41},"14":{"loc":{"start":{"line":43,"column":40},"end":{"line":43,"column":80}},"type":"cond-expr","locations":[{"start":{"line":43,"column":45},"end":{"line":43,"column":56}},{"start":{"line":43,"column":56},"end":{"line":43,"column":80}}],"line":43},"15":{"loc":{"start":{"line":49,"column":2},"end":{"line":49,"column":null}},"type":"if","locations":[{"start":{"line":49,"column":2},"end":{"line":49,"column":null}},{"start":{},"end":{}}],"line":49},"16":{"loc":{"start":{"line":52,"column":2},"end":{"line":52,"column":null}},"type":"if","locations":[{"start":{"line":52,"column":2},"end":{"line":52,"column":null}},{"start":{},"end":{}}],"line":52},"17":{"loc":{"start":{"line":52,"column":6},"end":{"line":52,"column":56}},"type":"binary-expr","locations":[{"start":{"line":52,"column":6},"end":{"line":52,"column":19}},{"start":{"line":52,"column":19},"end":{"line":52,"column":31}},{"start":{"line":52,"column":31},"end":{"line":52,"column":45}},{"start":{"line":52,"column":45},"end":{"line":52,"column":56}}],"line":52}},"s":{"0":8,"1":8,"2":32,"3":32,"4":20,"5":12,"6":12,"7":8,"8":8,"9":4,"10":4,"11":12,"12":1,"13":11,"14":4,"15":2,"16":4,"17":2,"18":4,"19":3,"20":4,"21":2,"22":4,"23":1,"24":4,"25":2,"26":4,"27":4,"28":23,"29":23,"30":8,"31":15,"32":15,"33":15,"34":2,"35":13,"36":7},"f":{"0":8,"1":32,"2":4,"3":12,"4":23,"5":7},"b":{"0":[20,12],"1":[11,1],"2":[8,5],"3":[3,5],"4":[5,3],"5":[1,11],"6":[12,11],"7":[2,2],"8":[2,2],"9":[3,1],"10":[2,2],"11":[1,3],"12":[2,2],"13":[1,1],"14":[3,1],"15":[8,15],"16":[2,13],"17":[15,15,14,14]},"meta":{"lastBranch":18,"lastFunction":6,"lastStatement":37,"seen":{"f:13:16:13:41":0,"s:14:12:14:Infinity":0,"s:15:8:20:Infinity":1,"f:15:8:15:15":1,"s:16:14:16:Infinity":2,"b:17:4:17:Infinity:undefined:undefined:undefined:undefined":0,"s:17:4:17:Infinity":3,"s:17:20:17:Infinity":4,"s:18:14:18:Infinity":5,"s:19:4:19:Infinity":6,"b:19:25:19:29:19:29:19:Infinity":1,"s:21:18:21:Infinity":7,"s:22:2:26:Infinity":8,"b:24:10:24:27:24:27:24:Infinity":2,"b:25:29:25:41:25:41:25:Infinity":3,"b:25:41:25:60:25:60:25:Infinity":4,"f:30:16:30:30":2,"s:31:12:31:Infinity":9,"s:32:8:35:Infinity":10,"f:32:8:32:15":3,"b:33:4:34:Infinity:34:9:34:Infinity":5,"s:33:4:34:Infinity":11,"b:33:8:33:27:33:27:33:37":6,"s:33:37:33:Infinity":12,"s:34:9:34:Infinity":13,"b:36:2:36:Infinity:undefined:undefined:undefined:undefined":7,"s:36:2:36:Infinity":14,"s:36:22:36:Infinity":15,"b:37:2:37:Infinity:undefined:undefined:undefined:undefined":8,"s:37:2:37:Infinity":16,"s:37:22:37:Infinity":17,"b:38:2:38:Infinity:undefined:undefined:undefined:undefined":9,"s:38:2:38:Infinity":18,"s:38:21:38:Infinity":19,"b:39:2:39:Infinity:undefined:undefined:undefined:undefined":10,"s:39:2:39:Infinity":20,"s:39:23:39:Infinity":21,"b:40:2:40:Infinity:undefined:undefined:undefined:undefined":11,"s:40:2:40:Infinity":22,"s:40:23:40:Infinity":23,"b:41:2:41:Infinity:undefined:undefined:undefined:undefined":12,"s:41:2:41:Infinity":24,"s:41:23:41:Infinity":25,"b:41:48:41:54:41:54:41:63":13,"s:42:13:42:Infinity":26,"s:43:2:43:Infinity":27,"b:43:45:43:56:43:56:43:80":14,"f:47:16:47:28":4,"s:48:12:48:Infinity":28,"b:49:2:49:Infinity:undefined:undefined:undefined:undefined":15,"s:49:2:49:Infinity":29,"s:49:10:49:Infinity":30,"s:50:14:50:Infinity":31,"s:51:14:51:Infinity":32,"b:52:2:52:Infinity:undefined:undefined:undefined:undefined":16,"s:52:2:52:Infinity":33,"b:52:6:52:19:52:19:52:31:52:31:52:45:52:45:52:56":17,"s:52:56:52:Infinity":34,"s:53:2:53:Infinity":35,"f:56:16:56:29":5,"s:57:2:57:Infinity":36},"fnNames":{}}}
,"/Users/Alex/Documents/GitHub/flood-map/src/app/terrainSampling.ts": {"path":"/Users/Alex/Documents/GitHub/flood-map/src/app/terrainSampling.ts","statementMap":{"0":{"start":{"line":5,"column":12},"end":{"line":5,"column":null}},"1":{"start":{"line":6,"column":13},"end":{"line":6,"column":null}},"2":{"start":{"line":7,"column":13},"end":{"line":7,"column":null}},"3":{"start":{"line":8,"column":13},"end":{"line":8,"column":null}},"4":{"start":{"line":9,"column":13},"end":{"line":9,"column":null}},"5":{"start":{"line":10,"column":13},"end":{"line":10,"column":null}},"6":{"start":{"line":11,"column":13},"end":{"line":11,"column":null}},"7":{"start":{"line":12,"column":12},"end":{"line":12,"column":null}},"8":{"start":{"line":13,"column":8},"end":{"line":13,"column":null}},"9":{"start":{"line":13,"column":47},"end":{"line":13,"column":null}},"10":{"start":{"line":14,"column":14},"end":{"line":14,"column":null}},"11":{"start":{"line":15,"column":14},"end":{"line":15,"column":null}},"12":{"start":{"line":16,"column":2},"end":{"line":16,"column":null}},"13":{"start":{"line":21,"column":13},"end":{"line":21,"column":null}},"14":{"start":{"line":22,"column":13},"end":{"line":22,"column":null}},"15":{"start":{"line":23,"column":2},"end":{"line":23,"column":null}}},"fnMap":{"0":{"name":"sampleElevation","decl":{"start":{"line":4,"column":16},"end":{"line":4,"column":32}},"loc":{"start":{"line":4,"column":77},"end":{"line":17,"column":null}},"line":4},"1":{"name":"(anonymous_1)","decl":{"start":{"line":13,"column":8},"end":{"line":13,"column":14}},"loc":{"start":{"line":13,"column":47},"end":{"line":13,"column":null}},"line":13},"2":{"name":"sampleDepth","decl":{"start":{"line":20,"column":16},"end":{"line":20,"column":28}},"loc":{"start":{"line":20,"column":93},"end":{"line":24,"column":null}},"line":20}},"branchMap":{},"s":{"0":9,"1":9,"2":9,"3":9,"4":9,"5":9,"6":9,"7":9,"8":9,"9":54,"10":9,"11":9,"12":9,"13":6,"14":6,"15":6},"f":{"0":9,"1":54,"2":6},"b":{},"meta":{"lastBranch":0,"lastFunction":3,"lastStatement":16,"seen":{"f:4:16:4:32":0,"s:5:12:5:Infinity":0,"s:6:13:6:Infinity":1,"s:7:13:7:Infinity":2,"s:8:13:8:Infinity":3,"s:9:13:9:Infinity":4,"s:10:13:10:Infinity":5,"s:11:13:11:Infinity":6,"s:12:12:12:Infinity":7,"s:13:8:13:Infinity":8,"f:13:8:13:14":1,"s:13:47:13:Infinity":9,"s:14:14:14:Infinity":10,"s:15:14:15:Infinity":11,"s:16:2:16:Infinity":12,"f:20:16:20:28":2,"s:21:13:21:Infinity":13,"s:22:13:22:Infinity":14,"s:23:2:23:Infinity":15},"fnNames":{}}}
,"/Users/Alex/Documents/GitHub/flood-map/src/geo/cache.ts": {"path":"/Users/Alex/Documents/GitHub/flood-map/src/geo/cache.ts","statementMap":{"0":{"start":{"line":7,"column":22},"end":{"line":7,"column":null}},"1":{"start":{"line":8,"column":16},"end":{"line":8,"column":null}},"2":{"start":{"line":9,"column":14},"end":{"line":9,"column":null}},"3":{"start":{"line":10,"column":26},"end":{"line":10,"column":null}},"4":{"start":{"line":22,"column":52},"end":{"line":22,"column":null}},"5":{"start":{"line":25,"column":2},"end":{"line":25,"column":null}},"6":{"start":{"line":25,"column":17},"end":{"line":25,"column":null}},"7":{"start":{"line":26,"column":2},"end":{"line":42,"column":null}},"8":{"start":{"line":27,"column":4},"end":{"line":41,"column":null}},"9":{"start":{"line":28,"column":6},"end":{"line":28,"column":null}},"10":{"start":{"line":28,"column":44},"end":{"line":28,"column":null}},"11":{"start":{"line":29,"column":18},"end":{"line":29,"column":null}},"12":{"start":{"line":30,"column":6},"end":{"line":35,"column":null}},"13":{"start":{"line":31,"column":19},"end":{"line":31,"column":null}},"14":{"start":{"line":32,"column":8},"end":{"line":34,"column":null}},"15":{"start":{"line":33,"column":10},"end":{"line":33,"column":null}},"16":{"start":{"line":36,"column":6},"end":{"line":36,"column":null}},"17":{"start":{"line":36,"column":28},"end":{"line":36,"column":null}},"18":{"start":{"line":37,"column":6},"end":{"line":37,"column":null}},"19":{"start":{"line":37,"column":26},"end":{"line":37,"column":null}},"20":{"start":{"line":38,"column":6},"end":{"line":38,"column":null}},"21":{"start":{"line":38,"column":28},"end":{"line":38,"column":null}},"22":{"start":{"line":40,"column":6},"end":{"line":40,"column":null}},"23":{"start":{"line":43,"column":2},"end":{"line":43,"column":null}},"24":{"start":{"line":47,"column":2},"end":{"line":47,"column":null}},"25":{"start":{"line":51,"column":2},"end":{"line":54,"column":null}},"26":{"start":{"line":52,"column":4},"end":{"line":52,"column":null}},"27":{"start":{"line":52,"column":26},"end":{"line":52,"column":null}},"28":{"start":{"line":53,"column":4},"end":{"line":53,"column":null}},"29":{"start":{"line":53,"column":24},"end":{"line":53,"column":null}},"30":{"start":{"line":58,"column":13},"end":{"line":58,"column":null}},"31":{"start":{"line":59,"column":2},"end":{"line":59,"column":null}},"32":{"start":{"line":59,"column":11},"end":{"line":59,"column":null}},"33":{"start":{"line":60,"column":2},"end":{"line":64,"column":null}},"34":{"start":{"line":61,"column":4},"end":{"line":61,"column":null}},"35":{"start":{"line":63,"column":4},"end":{"line":63,"column":null}},"36":{"start":{"line":68,"column":13},"end":{"line":68,"column":null}},"37":{"start":{"line":69,"column":2},"end":{"line":69,"column":null}},"38":{"start":{"line":69,"column":11},"end":{"line":69,"column":null}},"39":{"start":{"line":70,"column":2},"end":{"line":75,"column":null}},"40":{"start":{"line":71,"column":4},"end":{"line":71,"column":null}},"41":{"start":{"line":72,"column":4},"end":{"line":72,"column":null}},"42":{"start":{"line":79,"column":13},"end":{"line":79,"column":null}},"43":{"start":{"line":80,"column":2},"end":{"line":80,"column":null}},"44":{"start":{"line":80,"column":11},"end":{"line":80,"column":null}},"45":{"start":{"line":81,"column":2},"end":{"line":90,"column":null}},"46":{"start":{"line":82,"column":18},"end":{"line":82,"column":null}},"47":{"start":{"line":83,"column":19},"end":{"line":83,"column":null}},"48":{"start":{"line":84,"column":4},"end":{"line":87,"column":null}},"49":{"start":{"line":85,"column":6},"end":{"line":85,"column":null}},"50":{"start":{"line":86,"column":6},"end":{"line":86,"column":null}},"51":{"start":{"line":95,"column":2},"end":{"line":108,"column":null}},"52":{"start":{"line":96,"column":16},"end":{"line":96,"column":null}},"53":{"start":{"line":97,"column":16},"end":{"line":97,"column":null}},"54":{"start":{"line":97,"column":39},"end":{"line":97,"column":54}},"55":{"start":{"line":98,"column":4},"end":{"line":98,"column":null}},"56":{"start":{"line":98,"column":36},"end":{"line":98,"column":null}},"57":{"start":{"line":99,"column":21},"end":{"line":99,"column":null}},"58":{"start":{"line":99,"column":40},"end":{"line":99,"column":63}},"59":{"start":{"line":100,"column":18},"end":{"line":100,"column":null}},"60":{"start":{"line":101,"column":4},"end":{"line":105,"column":null}},"61":{"start":{"line":102,"column":6},"end":{"line":102,"column":null}},"62":{"start":{"line":102,"column":38},"end":{"line":102,"column":null}},"63":{"start":{"line":103,"column":6},"end":{"line":103,"column":null}},"64":{"start":{"line":104,"column":6},"end":{"line":104,"column":null}},"65":{"start":{"line":111,"column":15},"end":{"line":111,"column":null}},"66":{"start":{"line":114,"column":2},"end":{"line":114,"column":null}},"67":{"start":{"line":118,"column":2},"end":{"line":118,"column":null}},"68":{"start":{"line":118,"column":30},"end":{"line":118,"column":null}},"69":{"start":{"line":119,"column":2},"end":{"line":119,"column":null}},"70":{"start":{"line":119,"column":23},"end":{"line":119,"column":null}},"71":{"start":{"line":120,"column":2},"end":{"line":124,"column":null}},"72":{"start":{"line":121,"column":4},"end":{"line":121,"column":null}},"73":{"start":{"line":123,"column":4},"end":{"line":123,"column":null}},"74":{"start":{"line":128,"column":14},"end":{"line":128,"column":null}},"75":{"start":{"line":129,"column":2},"end":{"line":133,"column":null}},"76":{"start":{"line":130,"column":4},"end":{"line":130,"column":null}},"77":{"start":{"line":131,"column":4},"end":{"line":131,"column":null}},"78":{"start":{"line":132,"column":4},"end":{"line":132,"column":null}},"79":{"start":{"line":134,"column":17},"end":{"line":134,"column":null}},"80":{"start":{"line":135,"column":2},"end":{"line":139,"column":null}},"81":{"start":{"line":136,"column":4},"end":{"line":136,"column":null}},"82":{"start":{"line":137,"column":4},"end":{"line":137,"column":null}},"83":{"start":{"line":138,"column":4},"end":{"line":138,"column":null}},"84":{"start":{"line":140,"column":2},"end":{"line":140,"column":null}},"85":{"start":{"line":144,"column":30},"end":{"line":144,"column":null}},"86":{"start":{"line":145,"column":2},"end":{"line":145,"column":null}},"87":{"start":{"line":146,"column":2},"end":{"line":146,"column":null}},"88":{"start":{"line":155,"column":14},"end":{"line":155,"column":null}},"89":{"start":{"line":156,"column":14},"end":{"line":156,"column":null}},"90":{"start":{"line":157,"column":2},"end":{"line":157,"column":null}},"91":{"start":{"line":157,"column":41},"end":{"line":157,"column":null}},"92":{"start":{"line":159,"column":15},"end":{"line":159,"column":null}},"93":{"start":{"line":160,"column":2},"end":{"line":160,"column":null}},"94":{"start":{"line":160,"column":16},"end":{"line":160,"column":null}},"95":{"start":{"line":161,"column":14},"end":{"line":161,"column":null}},"96":{"start":{"line":162,"column":2},"end":{"line":162,"column":null}},"97":{"start":{"line":163,"column":2},"end":{"line":163,"column":null}},"98":{"start":{"line":167,"column":14},"end":{"line":167,"column":null}},"99":{"start":{"line":168,"column":14},"end":{"line":168,"column":null}},"100":{"start":{"line":169,"column":2},"end":{"line":169,"column":null}},"101":{"start":{"line":169,"column":34},"end":{"line":169,"column":null}},"102":{"start":{"line":171,"column":15},"end":{"line":171,"column":null}},"103":{"start":{"line":172,"column":2},"end":{"line":172,"column":null}},"104":{"start":{"line":172,"column":16},"end":{"line":172,"column":null}},"105":{"start":{"line":173,"column":16},"end":{"line":173,"column":null}},"106":{"start":{"line":174,"column":2},"end":{"line":174,"column":null}},"107":{"start":{"line":175,"column":2},"end":{"line":175,"column":null}},"108":{"start":{"line":179,"column":14},"end":{"line":179,"column":null}},"109":{"start":{"line":180,"column":14},"end":{"line":180,"column":null}},"110":{"start":{"line":181,"column":2},"end":{"line":181,"column":null}},"111":{"start":{"line":181,"column":34},"end":{"line":181,"column":null}},"112":{"start":{"line":183,"column":15},"end":{"line":183,"column":null}},"113":{"start":{"line":184,"column":2},"end":{"line":184,"column":null}},"114":{"start":{"line":184,"column":16},"end":{"line":184,"column":null}},"115":{"start":{"line":185,"column":15},"end":{"line":185,"column":null}},"116":{"start":{"line":186,"column":2},"end":{"line":186,"column":null}},"117":{"start":{"line":187,"column":2},"end":{"line":187,"column":null}},"118":{"start":{"line":193,"column":2},"end":{"line":210,"column":null}},"119":{"start":{"line":194,"column":4},"end":{"line":209,"column":null}},"120":{"start":{"line":196,"column":26},"end":{"line":196,"column":null}},"121":{"start":{"line":197,"column":20},"end":{"line":197,"column":null}},"122":{"start":{"line":198,"column":8},"end":{"line":201,"column":null}},"123":{"start":{"line":199,"column":10},"end":{"line":199,"column":null}},"124":{"start":{"line":200,"column":10},"end":{"line":200,"column":null}},"125":{"start":{"line":202,"column":8},"end":{"line":205,"column":null}},"126":{"start":{"line":203,"column":10},"end":{"line":203,"column":null}},"127":{"start":{"line":204,"column":10},"end":{"line":204,"column":null}},"128":{"start":{"line":206,"column":8},"end":{"line":206,"column":null}},"129":{"start":{"line":216,"column":2},"end":{"line":216,"column":null}},"130":{"start":{"line":220,"column":14},"end":{"line":220,"column":null}},"131":{"start":{"line":221,"column":2},"end":{"line":221,"column":null}}},"fnMap":{"0":{"name":"openDb","decl":{"start":{"line":24,"column":9},"end":{"line":24,"column":47}},"loc":{"start":{"line":24,"column":47},"end":{"line":44,"column":null}},"line":24},"1":{"name":"(anonymous_1)","decl":{"start":{"line":26,"column":18},"end":{"line":26,"column":27}},"loc":{"start":{"line":26,"column":39},"end":{"line":42,"column":3}},"line":26},"2":{"name":"(anonymous_2)","decl":{"start":{"line":30,"column":10},"end":{"line":30,"column":34}},"loc":{"start":{"line":30,"column":34},"end":{"line":35,"column":null}},"line":30},"3":{"name":"(anonymous_3)","decl":{"start":{"line":36,"column":10},"end":{"line":36,"column":28}},"loc":{"start":{"line":36,"column":28},"end":{"line":36,"column":null}},"line":36},"4":{"name":"(anonymous_4)","decl":{"start":{"line":37,"column":10},"end":{"line":37,"column":26}},"loc":{"start":{"line":37,"column":26},"end":{"line":37,"column":null}},"line":37},"5":{"name":"(anonymous_5)","decl":{"start":{"line":38,"column":10},"end":{"line":38,"column":28}},"loc":{"start":{"line":38,"column":28},"end":{"line":38,"column":null}},"line":38},"6":{"name":"txStore","decl":{"start":{"line":46,"column":9},"end":{"line":46,"column":17}},"loc":{"start":{"line":46,"column":76},"end":{"line":48,"column":null}},"line":46},"7":{"name":"reqToPromise","decl":{"start":{"line":50,"column":9},"end":{"line":50,"column":25}},"loc":{"start":{"line":50,"column":57},"end":{"line":55,"column":null}},"line":50},"8":{"name":"(anonymous_8)","decl":{"start":{"line":51,"column":13},"end":{"line":51,"column":22}},"loc":{"start":{"line":51,"column":42},"end":{"line":54,"column":3}},"line":51},"9":{"name":"(anonymous_9)","decl":{"start":{"line":52,"column":8},"end":{"line":52,"column":26}},"loc":{"start":{"line":52,"column":26},"end":{"line":52,"column":null}},"line":52},"10":{"name":"(anonymous_10)","decl":{"start":{"line":53,"column":8},"end":{"line":53,"column":24}},"loc":{"start":{"line":53,"column":24},"end":{"line":53,"column":null}},"line":53},"11":{"name":"dbGet","decl":{"start":{"line":57,"column":15},"end":{"line":57,"column":21}},"loc":{"start":{"line":57,"column":68},"end":{"line":65,"column":null}},"line":57},"12":{"name":"dbPut","decl":{"start":{"line":67,"column":15},"end":{"line":67,"column":21}},"loc":{"start":{"line":67,"column":57},"end":{"line":76,"column":null}},"line":67},"13":{"name":"dbTouch","decl":{"start":{"line":78,"column":15},"end":{"line":78,"column":23}},"loc":{"start":{"line":78,"column":69},"end":{"line":91,"column":null}},"line":78},"14":{"name":"evictIfNeeded","decl":{"start":{"line":94,"column":15},"end":{"line":94,"column":29}},"loc":{"start":{"line":94,"column":61},"end":{"line":109,"column":null}},"line":94},"15":{"name":"(anonymous_15)","decl":{"start":{"line":97,"column":20},"end":{"line":97,"column":28}},"loc":{"start":{"line":97,"column":39},"end":{"line":97,"column":54}},"line":97},"16":{"name":"(anonymous_16)","decl":{"start":{"line":99,"column":25},"end":{"line":99,"column":31}},"loc":{"start":{"line":99,"column":40},"end":{"line":99,"column":63}},"line":99},"17":{"name":"now","decl":{"start":{"line":113,"column":9},"end":{"line":113,"column":23}},"loc":{"start":{"line":113,"column":23},"end":{"line":115,"column":null}},"line":113},"18":{"name":"recordBytes","decl":{"start":{"line":117,"column":16},"end":{"line":117,"column":28}},"loc":{"start":{"line":117,"column":90},"end":{"line":125,"column":null}},"line":117},"19":{"name":"readCache","decl":{"start":{"line":127,"column":15},"end":{"line":127,"column":25}},"loc":{"start":{"line":127,"column":72},"end":{"line":141,"column":null}},"line":127},"20":{"name":"writeCache","decl":{"start":{"line":143,"column":9},"end":{"line":143,"column":20}},"loc":{"start":{"line":143,"column":93},"end":{"line":147,"column":null}},"line":143},"21":{"name":"cachedArrayBuffer","decl":{"start":{"line":154,"column":22},"end":{"line":154,"column":40}},"loc":{"start":{"line":154,"column":97},"end":{"line":164,"column":null}},"line":154},"22":{"name":"cachedJson","decl":{"start":{"line":166,"column":22},"end":{"line":166,"column":46}},"loc":{"start":{"line":166,"column":93},"end":{"line":176,"column":null}},"line":166},"23":{"name":"cachedBlob","decl":{"start":{"line":178,"column":22},"end":{"line":178,"column":33}},"loc":{"start":{"line":178,"column":83},"end":{"line":188,"column":null}},"line":178},"24":{"name":"cachedImage","decl":{"start":{"line":192,"column":16},"end":{"line":192,"column":28}},"loc":{"start":{"line":192,"column":68},"end":{"line":211,"column":null}},"line":192},"25":{"name":"(anonymous_25)","decl":{"start":{"line":193,"column":13},"end":{"line":193,"column":22}},"loc":{"start":{"line":193,"column":42},"end":{"line":210,"column":3}},"line":193},"26":{"name":"(anonymous_26)","decl":{"start":{"line":194,"column":20},"end":{"line":194,"column":null}},"loc":{"start":{"line":195,"column":16},"end":{"line":207,"column":null}},"line":195},"27":{"name":"(anonymous_27)","decl":{"start":{"line":198,"column":12},"end":{"line":198,"column":27}},"loc":{"start":{"line":198,"column":27},"end":{"line":201,"column":null}},"line":198},"28":{"name":"(anonymous_28)","decl":{"start":{"line":202,"column":12},"end":{"line":202,"column":28}},"loc":{"start":{"line":202,"column":28},"end":{"line":205,"column":null}},"line":202},"29":{"name":"putArrayBuffer","decl":{"start":{"line":215,"column":16},"end":{"line":215,"column":31}},"loc":{"start":{"line":215,"column":68},"end":{"line":217,"column":null}},"line":215},"30":{"name":"peekArrayBuffer","decl":{"start":{"line":219,"column":22},"end":{"line":219,"column":38}},"loc":{"start":{"line":219,"column":85},"end":{"line":222,"column":null}},"line":219}},"branchMap":{"0":{"loc":{"start":{"line":25,"column":2},"end":{"line":25,"column":null}},"type":"if","locations":[{"start":{"line":25,"column":2},"end":{"line":25,"column":null}},{"start":{},"end":{}}],"line":25},"1":{"loc":{"start":{"line":28,"column":6},"end":{"line":28,"column":null}},"type":"if","locations":[{"start":{"line":28,"column":6},"end":{"line":28,"column":null}},{"start":{},"end":{}}],"line":28},"2":{"loc":{"start":{"line":32,"column":8},"end":{"line":34,"column":null}},"type":"if","locations":[{"start":{"line":32,"column":8},"end":{"line":34,"column":null}},{"start":{},"end":{}}],"line":32},"3":{"loc":{"start":{"line":59,"column":2},"end":{"line":59,"column":null}},"type":"if","locations":[{"start":{"line":59,"column":2},"end":{"line":59,"column":null}},{"start":{},"end":{}}],"line":59},"4":{"loc":{"start":{"line":69,"column":2},"end":{"line":69,"column":null}},"type":"if","locations":[{"start":{"line":69,"column":2},"end":{"line":69,"column":null}},{"start":{},"end":{}}],"line":69},"5":{"loc":{"start":{"line":80,"column":2},"end":{"line":80,"column":null}},"type":"if","locations":[{"start":{"line":80,"column":2},"end":{"line":80,"column":null}},{"start":{},"end":{}}],"line":80},"6":{"loc":{"start":{"line":84,"column":4},"end":{"line":87,"column":null}},"type":"if","locations":[{"start":{"line":84,"column":4},"end":{"line":87,"column":null}},{"start":{},"end":{}}],"line":84},"7":{"loc":{"start":{"line":98,"column":4},"end":{"line":98,"column":null}},"type":"if","locations":[{"start":{"line":98,"column":4},"end":{"line":98,"column":null}},{"start":{},"end":{}}],"line":98},"8":{"loc":{"start":{"line":102,"column":6},"end":{"line":102,"column":null}},"type":"if","locations":[{"start":{"line":102,"column":6},"end":{"line":102,"column":null}},{"start":{},"end":{}}],"line":102},"9":{"loc":{"start":{"line":118,"column":2},"end":{"line":118,"column":null}},"type":"if","locations":[{"start":{"line":118,"column":2},"end":{"line":118,"column":null}},{"start":{},"end":{}}],"line":118},"10":{"loc":{"start":{"line":119,"column":2},"end":{"line":119,"column":null}},"type":"if","locations":[{"start":{"line":119,"column":2},"end":{"line":119,"column":null}},{"start":{},"end":{}}],"line":119},"11":{"loc":{"start":{"line":129,"column":2},"end":{"line":133,"column":null}},"type":"if","locations":[{"start":{"line":129,"column":2},"end":{"line":133,"column":null}},{"start":{},"end":{}}],"line":129},"12":{"loc":{"start":{"line":135,"column":2},"end":{"line":139,"column":null}},"type":"if","locations":[{"start":{"line":135,"column":2},"end":{"line":139,"column":null}},{"start":{},"end":{}}],"line":135},"13":{"loc":{"start":{"line":154,"column":53},"end":{"line":154,"column":97}},"type":"default-arg","locations":[{"start":{"line":154,"column":71},"end":{"line":154,"column":97}}],"line":154},"14":{"loc":{"start":{"line":155,"column":14},"end":{"line":155,"column":null}},"type":"binary-expr","locations":[{"start":{"line":155,"column":14},"end":{"line":155,"column":26}},{"start":{"line":155,"column":26},"end":{"line":155,"column":null}}],"line":155},"15":{"loc":{"start":{"line":157,"column":2},"end":{"line":157,"column":null}},"type":"if","locations":[{"start":{"line":157,"column":2},"end":{"line":157,"column":null}},{"start":{},"end":{}}],"line":157},"16":{"loc":{"start":{"line":157,"column":6},"end":{"line":157,"column":41}},"type":"binary-expr","locations":[{"start":{"line":157,"column":6},"end":{"line":157,"column":13}},{"start":{"line":157,"column":13},"end":{"line":157,"column":41}}],"line":157},"17":{"loc":{"start":{"line":160,"column":2},"end":{"line":160,"column":null}},"type":"if","locations":[{"start":{"line":160,"column":2},"end":{"line":160,"column":null}},{"start":{},"end":{}}],"line":160},"18":{"loc":{"start":{"line":166,"column":59},"end":{"line":166,"column":93}},"type":"default-arg","locations":[{"start":{"line":166,"column":77},"end":{"line":166,"column":93}}],"line":166},"19":{"loc":{"start":{"line":167,"column":14},"end":{"line":167,"column":null}},"type":"binary-expr","locations":[{"start":{"line":167,"column":14},"end":{"line":167,"column":26}},{"start":{"line":167,"column":26},"end":{"line":167,"column":null}}],"line":167},"20":{"loc":{"start":{"line":169,"column":2},"end":{"line":169,"column":null}},"type":"if","locations":[{"start":{"line":169,"column":2},"end":{"line":169,"column":null}},{"start":{},"end":{}}],"line":169},"21":{"loc":{"start":{"line":169,"column":6},"end":{"line":169,"column":34}},"type":"binary-expr","locations":[{"start":{"line":169,"column":6},"end":{"line":169,"column":13}},{"start":{"line":169,"column":13},"end":{"line":169,"column":34}}],"line":169},"22":{"loc":{"start":{"line":172,"column":2},"end":{"line":172,"column":null}},"type":"if","locations":[{"start":{"line":172,"column":2},"end":{"line":172,"column":null}},{"start":{},"end":{}}],"line":172},"23":{"loc":{"start":{"line":178,"column":46},"end":{"line":178,"column":83}},"type":"default-arg","locations":[{"start":{"line":178,"column":64},"end":{"line":178,"column":83}}],"line":178},"24":{"loc":{"start":{"line":179,"column":14},"end":{"line":179,"column":null}},"type":"binary-expr","locations":[{"start":{"line":179,"column":14},"end":{"line":179,"column":26}},{"start":{"line":179,"column":26},"end":{"line":179,"column":null}}],"line":179},"25":{"loc":{"start":{"line":181,"column":2},"end":{"line":181,"column":null}},"type":"if","locations":[{"start":{"line":181,"column":2},"end":{"line":181,"column":null}},{"start":{},"end":{}}],"line":181},"26":{"loc":{"start":{"line":181,"column":6},"end":{"line":181,"column":34}},"type":"binary-expr","locations":[{"start":{"line":181,"column":6},"end":{"line":181,"column":13}},{"start":{"line":181,"column":13},"end":{"line":181,"column":34}}],"line":181},"27":{"loc":{"start":{"line":184,"column":2},"end":{"line":184,"column":null}},"type":"if","locations":[{"start":{"line":184,"column":2},"end":{"line":184,"column":null}},{"start":{},"end":{}}],"line":184},"28":{"loc":{"start":{"line":221,"column":9},"end":{"line":221,"column":null}},"type":"cond-expr","locations":[{"start":{"line":221,"column":46},"end":{"line":221,"column":73}},{"start":{"line":221,"column":73},"end":{"line":221,"column":null}}],"line":221},"29":{"loc":{"start":{"line":221,"column":9},"end":{"line":221,"column":46}},"type":"binary-expr","locations":[{"start":{"line":221,"column":9},"end":{"line":221,"column":16}},{"start":{"line":221,"column":16},"end":{"line":221,"column":46}}],"line":221}},"s":{"0":4,"1":4,"2":4,"3":4,"4":4,"5":33,"6":32,"7":1,"8":1,"9":1,"10":1,"11":0,"12":0,"13":0,"14":0,"15":0,"16":0,"17":0,"18":0,"19":0,"20":0,"21":0,"22":0,"23":1,"24":0,"25":0,"26":0,"27":0,"28":0,"29":0,"30":12,"31":12,"32":12,"33":0,"34":0,"35":0,"36":12,"37":12,"38":12,"39":0,"40":0,"41":0,"42":9,"43":9,"44":9,"45":0,"46":0,"47":0,"48":0,"49":0,"50":0,"51":0,"52":0,"53":0,"54":0,"55":0,"56":0,"57":0,"58":0,"59":0,"60":0,"61":0,"62":0,"63":0,"64":0,"65":4,"66":21,"67":22,"68":11,"69":11,"70":4,"71":7,"72":7,"73":1,"74":21,"75":21,"76":9,"77":9,"78":9,"79":12,"80":12,"81":0,"82":0,"83":0,"84":12,"85":12,"86":12,"87":12,"88":8,"89":8,"90":8,"91":3,"92":5,"93":5,"94":1,"95":4,"96":4,"97":4,"98":5,"99":5,"100":5,"101":1,"102":4,"103":4,"104":1,"105":3,"106":3,"107":3,"108":3,"109":3,"110":3,"111":1,"112":2,"113":2,"114":2,"115":1,"116":1,"117":1,"118":0,"119":0,"120":0,"121":0,"122":0,"123":0,"124":0,"125":0,"126":0,"127":0,"128":0,"129":4,"130":5,"131":5},"f":{"0":33,"1":1,"2":0,"3":0,"4":0,"5":0,"6":0,"7":0,"8":0,"9":0,"10":0,"11":12,"12":12,"13":9,"14":0,"15":0,"16":0,"17":21,"18":22,"19":21,"20":12,"21":8,"22":5,"23":3,"24":0,"25":0,"26":0,"27":0,"28":0,"29":4,"30":5},"b":{"0":[32,1],"1":[1,0],"2":[0,0],"3":[12,0],"4":[12,0],"5":[9,0],"6":[0,0],"7":[0,0],"8":[0,0],"9":[11,11],"10":[4,7],"11":[9,12],"12":[0,12],"13":[8],"14":[8,6],"15":[3,5],"16":[8,4],"17":[1,4],"18":[5],"19":[5,5],"20":[1,4],"21":[5,1],"22":[1,3],"23":[3],"24":[3,3],"25":[1,2],"26":[3,1],"27":[1,1],"28":[2,3],"29":[5,3]},"meta":{"lastBranch":30,"lastFunction":31,"lastStatement":132,"seen":{"s:7:22:7:Infinity":0,"s:8:16:8:Infinity":1,"s:9:14:9:Infinity":2,"s:10:26:10:Infinity":3,"s:22:52:22:Infinity":4,"f:24:9:24:47":0,"b:25:2:25:Infinity:undefined:undefined:undefined:undefined":0,"s:25:2:25:Infinity":5,"s:25:17:25:Infinity":6,"s:26:2:42:Infinity":7,"f:26:18:26:27":1,"s:27:4:41:Infinity":8,"b:28:6:28:Infinity:undefined:undefined:undefined:undefined":1,"s:28:6:28:Infinity":9,"s:28:44:28:Infinity":10,"s:29:18:29:Infinity":11,"s:30:6:35:Infinity":12,"f:30:10:30:34":2,"s:31:19:31:Infinity":13,"b:32:8:34:Infinity:undefined:undefined:undefined:undefined":2,"s:32:8:34:Infinity":14,"s:33:10:33:Infinity":15,"s:36:6:36:Infinity":16,"f:36:10:36:28":3,"s:36:28:36:Infinity":17,"s:37:6:37:Infinity":18,"f:37:10:37:26":4,"s:37:26:37:Infinity":19,"s:38:6:38:Infinity":20,"f:38:10:38:28":5,"s:38:28:38:Infinity":21,"s:40:6:40:Infinity":22,"s:43:2:43:Infinity":23,"f:46:9:46:17":6,"s:47:2:47:Infinity":24,"f:50:9:50:25":7,"s:51:2:54:Infinity":25,"f:51:13:51:22":8,"s:52:4:52:Infinity":26,"f:52:8:52:26":9,"s:52:26:52:Infinity":27,"s:53:4:53:Infinity":28,"f:53:8:53:24":10,"s:53:24:53:Infinity":29,"f:57:15:57:21":11,"s:58:13:58:Infinity":30,"b:59:2:59:Infinity:undefined:undefined:undefined:undefined":3,"s:59:2:59:Infinity":31,"s:59:11:59:Infinity":32,"s:60:2:64:Infinity":33,"s:61:4:61:Infinity":34,"s:63:4:63:Infinity":35,"f:67:15:67:21":12,"s:68:13:68:Infinity":36,"b:69:2:69:Infinity:undefined:undefined:undefined:undefined":4,"s:69:2:69:Infinity":37,"s:69:11:69:Infinity":38,"s:70:2:75:Infinity":39,"s:71:4:71:Infinity":40,"s:72:4:72:Infinity":41,"f:78:15:78:23":13,"s:79:13:79:Infinity":42,"b:80:2:80:Infinity:undefined:undefined:undefined:undefined":5,"s:80:2:80:Infinity":43,"s:80:11:80:Infinity":44,"s:81:2:90:Infinity":45,"s:82:18:82:Infinity":46,"s:83:19:83:Infinity":47,"b:84:4:87:Infinity:undefined:undefined:undefined:undefined":6,"s:84:4:87:Infinity":48,"s:85:6:85:Infinity":49,"s:86:6:86:Infinity":50,"f:94:15:94:29":14,"s:95:2:108:Infinity":51,"s:96:16:96:Infinity":52,"s:97:16:97:Infinity":53,"f:97:20:97:28":15,"s:97:39:97:54":54,"b:98:4:98:Infinity:undefined:undefined:undefined:undefined":7,"s:98:4:98:Infinity":55,"s:98:36:98:Infinity":56,"s:99:21:99:Infinity":57,"f:99:25:99:31":16,"s:99:40:99:63":58,"s:100:18:100:Infinity":59,"s:101:4:105:Infinity":60,"b:102:6:102:Infinity:undefined:undefined:undefined:undefined":8,"s:102:6:102:Infinity":61,"s:102:38:102:Infinity":62,"s:103:6:103:Infinity":63,"s:104:6:104:Infinity":64,"s:111:15:111:Infinity":65,"f:113:9:113:23":17,"s:114:2:114:Infinity":66,"f:117:16:117:28":18,"b:118:2:118:Infinity:undefined:undefined:undefined:undefined":9,"s:118:2:118:Infinity":67,"s:118:30:118:Infinity":68,"b:119:2:119:Infinity:undefined:undefined:undefined:undefined":10,"s:119:2:119:Infinity":69,"s:119:23:119:Infinity":70,"s:120:2:124:Infinity":71,"s:121:4:121:Infinity":72,"s:123:4:123:Infinity":73,"f:127:15:127:25":19,"s:128:14:128:Infinity":74,"b:129:2:133:Infinity:undefined:undefined:undefined:undefined":11,"s:129:2:133:Infinity":75,"s:130:4:130:Infinity":76,"s:131:4:131:Infinity":77,"s:132:4:132:Infinity":78,"s:134:17:134:Infinity":79,"b:135:2:139:Infinity:undefined:undefined:undefined:undefined":12,"s:135:2:139:Infinity":80,"s:136:4:136:Infinity":81,"s:137:4:137:Infinity":82,"s:138:4:138:Infinity":83,"s:140:2:140:Infinity":84,"f:143:9:143:20":20,"s:144:30:144:Infinity":85,"s:145:2:145:Infinity":86,"s:146:2:146:Infinity":87,"f:154:22:154:40":21,"b:154:71:154:97":13,"s:155:14:155:Infinity":88,"b:155:14:155:26:155:26:155:Infinity":14,"s:156:14:156:Infinity":89,"b:157:2:157:Infinity:undefined:undefined:undefined:undefined":15,"s:157:2:157:Infinity":90,"b:157:6:157:13:157:13:157:41":16,"s:157:41:157:Infinity":91,"s:159:15:159:Infinity":92,"b:160:2:160:Infinity:undefined:undefined:undefined:undefined":17,"s:160:2:160:Infinity":93,"s:160:16:160:Infinity":94,"s:161:14:161:Infinity":95,"s:162:2:162:Infinity":96,"s:163:2:163:Infinity":97,"f:166:22:166:46":22,"b:166:77:166:93":18,"s:167:14:167:Infinity":98,"b:167:14:167:26:167:26:167:Infinity":19,"s:168:14:168:Infinity":99,"b:169:2:169:Infinity:undefined:undefined:undefined:undefined":20,"s:169:2:169:Infinity":100,"b:169:6:169:13:169:13:169:34":21,"s:169:34:169:Infinity":101,"s:171:15:171:Infinity":102,"b:172:2:172:Infinity:undefined:undefined:undefined:undefined":22,"s:172:2:172:Infinity":103,"s:172:16:172:Infinity":104,"s:173:16:173:Infinity":105,"s:174:2:174:Infinity":106,"s:175:2:175:Infinity":107,"f:178:22:178:33":23,"b:178:64:178:83":23,"s:179:14:179:Infinity":108,"b:179:14:179:26:179:26:179:Infinity":24,"s:180:14:180:Infinity":109,"b:181:2:181:Infinity:undefined:undefined:undefined:undefined":25,"s:181:2:181:Infinity":110,"b:181:6:181:13:181:13:181:34":26,"s:181:34:181:Infinity":111,"s:183:15:183:Infinity":112,"b:184:2:184:Infinity:undefined:undefined:undefined:undefined":27,"s:184:2:184:Infinity":113,"s:184:16:184:Infinity":114,"s:185:15:185:Infinity":115,"s:186:2:186:Infinity":116,"s:187:2:187:Infinity":117,"f:192:16:192:28":24,"s:193:2:210:Infinity":118,"f:193:13:193:22":25,"s:194:4:209:Infinity":119,"f:194:20:194:Infinity":26,"s:196:26:196:Infinity":120,"s:197:20:197:Infinity":121,"s:198:8:201:Infinity":122,"f:198:12:198:27":27,"s:199:10:199:Infinity":123,"s:200:10:200:Infinity":124,"s:202:8:205:Infinity":125,"f:202:12:202:28":28,"s:203:10:203:Infinity":126,"s:204:10:204:Infinity":127,"s:206:8:206:Infinity":128,"f:215:16:215:31":29,"s:216:2:216:Infinity":129,"f:219:22:219:38":30,"s:220:14:220:Infinity":130,"s:221:2:221:Infinity":131,"b:221:46:221:73:221:73:221:Infinity":28,"b:221:9:221:16:221:16:221:46":29},"fnNames":{}}}
,"/Users/Alex/Documents/GitHub/flood-map/src/geo/crust1.ts": {"path":"/Users/Alex/Documents/GitHub/flood-map/src/geo/crust1.ts","statementMap":{"0":{"start":{"line":7,"column":13},"end":{"line":7,"column":null}},"1":{"start":{"line":8,"column":13},"end":{"line":8,"column":null}},"2":{"start":{"line":9,"column":14},"end":{"line":9,"column":null}},"3":{"start":{"line":10,"column":15},"end":{"line":10,"column":null}},"4":{"start":{"line":11,"column":15},"end":{"line":11,"column":null}},"5":{"start":{"line":14,"column":17},"end":{"line":17,"column":null}},"6":{"start":{"line":27,"column":82},"end":{"line":27,"column":null}},"7":{"start":{"line":30,"column":16},"end":{"line":30,"column":null}},"8":{"start":{"line":31,"column":2},"end":{"line":31,"column":null}},"9":{"start":{"line":31,"column":24},"end":{"line":31,"column":null}},"10":{"start":{"line":32,"column":16},"end":{"line":32,"column":null}},"11":{"start":{"line":33,"column":15},"end":{"line":33,"column":null}},"12":{"start":{"line":34,"column":2},"end":{"line":34,"column":null}},"13":{"start":{"line":39,"column":2},"end":{"line":45,"column":null}},"14":{"start":{"line":40,"column":16},"end":{"line":40,"column":null}},"15":{"start":{"line":41,"column":4},"end":{"line":44,"column":null}},"16":{"start":{"line":42,"column":20},"end":{"line":42,"column":91}},"17":{"start":{"line":44,"column":19},"end":{"line":44,"column":23}},"18":{"start":{"line":46,"column":2},"end":{"line":46,"column":null}},"19":{"start":{"line":50,"column":15},"end":{"line":50,"column":null}},"20":{"start":{"line":51,"column":24},"end":{"line":51,"column":null}},"21":{"start":{"line":52,"column":2},"end":{"line":52,"column":null}},"22":{"start":{"line":52,"column":15},"end":{"line":52,"column":18}},"23":{"start":{"line":52,"column":35},"end":{"line":52,"column":null}},"24":{"start":{"line":53,"column":2},"end":{"line":53,"column":null}},"25":{"start":{"line":68,"column":8},"end":{"line":68,"column":null}},"26":{"start":{"line":69,"column":15},"end":{"line":69,"column":null}},"27":{"start":{"line":70,"column":15},"end":{"line":70,"column":null}},"28":{"start":{"line":71,"column":8},"end":{"line":71,"column":null}},"29":{"start":{"line":71,"column":48},"end":{"line":71,"column":null}},"30":{"start":{"line":73,"column":15},"end":{"line":73,"column":null}},"31":{"start":{"line":74,"column":2},"end":{"line":74,"column":null}},"32":{"start":{"line":74,"column":52},"end":{"line":74,"column":null}},"33":{"start":{"line":76,"column":20},"end":{"line":76,"column":null}},"34":{"start":{"line":77,"column":2},"end":{"line":87,"column":null}},"35":{"start":{"line":77,"column":17},"end":{"line":77,"column":20}},"36":{"start":{"line":78,"column":4},"end":{"line":86,"column":null}},"37":{"start":{"line":78,"column":18},"end":{"line":78,"column":24}},"38":{"start":{"line":79,"column":6},"end":{"line":85,"column":null}},"39":{"start":{"line":79,"column":20},"end":{"line":79,"column":26}},"40":{"start":{"line":80,"column":8},"end":{"line":80,"column":null}},"41":{"start":{"line":80,"column":58},"end":{"line":80,"column":null}},"42":{"start":{"line":81,"column":18},"end":{"line":81,"column":null}},"43":{"start":{"line":82,"column":8},"end":{"line":82,"column":null}},"44":{"start":{"line":82,"column":32},"end":{"line":82,"column":null}},"45":{"start":{"line":83,"column":21},"end":{"line":83,"column":null}},"46":{"start":{"line":84,"column":8},"end":{"line":84,"column":null}},"47":{"start":{"line":84,"column":40},"end":{"line":84,"column":null}},"48":{"start":{"line":88,"column":2},"end":{"line":88,"column":null}},"49":{"start":{"line":100,"column":12},"end":{"line":100,"column":null}},"50":{"start":{"line":101,"column":2},"end":{"line":101,"column":null}},"51":{"start":{"line":101,"column":10},"end":{"line":101,"column":null}},"52":{"start":{"line":102,"column":2},"end":{"line":102,"column":null}}},"fnMap":{"0":{"name":"parse","decl":{"start":{"line":29,"column":16},"end":{"line":29,"column":22}},"loc":{"start":{"line":29,"column":88},"end":{"line":35,"column":null}},"line":29},"1":{"name":"loadCrust1","decl":{"start":{"line":38,"column":16},"end":{"line":38,"column":86}},"loc":{"start":{"line":38,"column":86},"end":{"line":47,"column":null}},"line":38},"2":{"name":"(anonymous_2)","decl":{"start":{"line":42,"column":7},"end":{"line":42,"column":13}},"loc":{"start":{"line":42,"column":20},"end":{"line":42,"column":91}},"line":42},"3":{"name":"(anonymous_3)","decl":{"start":{"line":44,"column":7},"end":{"line":44,"column":19}},"loc":{"start":{"line":44,"column":19},"end":{"line":44,"column":23}},"line":44},"4":{"name":"readCell","decl":{"start":{"line":49,"column":9},"end":{"line":49,"column":18}},"loc":{"start":{"line":49,"column":88},"end":{"line":54,"column":null}},"line":49},"5":{"name":"lookupCell","decl":{"start":{"line":62,"column":16},"end":{"line":62,"column":null}},"loc":{"start":{"line":67,"column":14},"end":{"line":89,"column":null}},"line":67},"6":{"name":"(anonymous_6)","decl":{"start":{"line":71,"column":8},"end":{"line":71,"column":15}},"loc":{"start":{"line":71,"column":48},"end":{"line":71,"column":null}},"line":71},"7":{"name":"getCrust1Cell","decl":{"start":{"line":95,"column":22},"end":{"line":95,"column":null}},"loc":{"start":{"line":99,"column":30},"end":{"line":103,"column":null}},"line":99}},"branchMap":{"0":{"loc":{"start":{"line":31,"column":2},"end":{"line":31,"column":null}},"type":"if","locations":[{"start":{"line":31,"column":2},"end":{"line":31,"column":null}},{"start":{},"end":{}}],"line":31},"1":{"loc":{"start":{"line":39,"column":2},"end":{"line":45,"column":null}},"type":"if","locations":[{"start":{"line":39,"column":2},"end":{"line":45,"column":null}},{"start":{},"end":{}}],"line":39},"2":{"loc":{"start":{"line":42,"column":20},"end":{"line":42,"column":91}},"type":"cond-expr","locations":[{"start":{"line":42,"column":27},"end":{"line":42,"column":45}},{"start":{"line":42,"column":45},"end":{"line":42,"column":91}}],"line":42},"3":{"loc":{"start":{"line":74,"column":2},"end":{"line":74,"column":null}},"type":"if","locations":[{"start":{"line":74,"column":2},"end":{"line":74,"column":null}},{"start":{},"end":{}}],"line":74},"4":{"loc":{"start":{"line":74,"column":6},"end":{"line":74,"column":52}},"type":"binary-expr","locations":[{"start":{"line":74,"column":6},"end":{"line":74,"column":15}},{"start":{"line":74,"column":15},"end":{"line":74,"column":52}}],"line":74},"5":{"loc":{"start":{"line":80,"column":8},"end":{"line":80,"column":null}},"type":"if","locations":[{"start":{"line":80,"column":8},"end":{"line":80,"column":null}},{"start":{},"end":{}}],"line":80},"6":{"loc":{"start":{"line":82,"column":8},"end":{"line":82,"column":null}},"type":"if","locations":[{"start":{"line":82,"column":8},"end":{"line":82,"column":null}},{"start":{},"end":{}}],"line":82},"7":{"loc":{"start":{"line":82,"column":12},"end":{"line":82,"column":32}},"type":"binary-expr","locations":[{"start":{"line":82,"column":12},"end":{"line":82,"column":21}},{"start":{"line":82,"column":21},"end":{"line":82,"column":32}}],"line":82},"8":{"loc":{"start":{"line":84,"column":8},"end":{"line":84,"column":null}},"type":"if","locations":[{"start":{"line":84,"column":8},"end":{"line":84,"column":null}},{"start":{},"end":{}}],"line":84},"9":{"loc":{"start":{"line":101,"column":2},"end":{"line":101,"column":null}},"type":"if","locations":[{"start":{"line":101,"column":2},"end":{"line":101,"column":null}},{"start":{},"end":{}}],"line":101}},"s":{"0":2,"1":2,"2":2,"3":2,"4":2,"5":2,"6":2,"7":17,"8":17,"9":3,"10":14,"11":14,"12":14,"13":0,"14":0,"15":0,"16":0,"17":0,"18":0,"19":203,"20":203,"21":203,"22":203,"23":1827,"24":203,"25":20,"26":20,"27":20,"28":20,"29":203,"30":20,"31":20,"32":16,"33":4,"34":4,"35":4,"36":9,"37":9,"38":54,"39":54,"40":472,"41":289,"42":183,"43":183,"44":0,"45":183,"46":183,"47":3,"48":1,"49":0,"50":0,"51":0,"52":0},"f":{"0":17,"1":0,"2":0,"3":0,"4":203,"5":20,"6":203,"7":0},"b":{"0":[3,14],"1":[0,0],"2":[0,0],"3":[16,4],"4":[20,5],"5":[289,183],"6":[0,183],"7":[183,183],"8":[3,180],"9":[0,0]},"meta":{"lastBranch":10,"lastFunction":8,"lastStatement":53,"seen":{"s:7:13:7:Infinity":0,"s:8:13:8:Infinity":1,"s:9:14:9:Infinity":2,"s:10:15:10:Infinity":3,"s:11:15:11:Infinity":4,"s:14:17:17:Infinity":5,"s:27:82:27:Infinity":6,"f:29:16:29:22":0,"s:30:16:30:Infinity":7,"b:31:2:31:Infinity:undefined:undefined:undefined:undefined":0,"s:31:2:31:Infinity":8,"s:31:24:31:Infinity":9,"s:32:16:32:Infinity":10,"s:33:15:33:Infinity":11,"s:34:2:34:Infinity":12,"f:38:16:38:86":1,"b:39:2:45:Infinity:undefined:undefined:undefined:undefined":1,"s:39:2:45:Infinity":13,"s:40:16:40:Infinity":14,"s:41:4:44:Infinity":15,"f:42:7:42:13":2,"s:42:20:42:91":16,"b:42:27:42:45:42:45:42:91":2,"f:44:7:44:19":3,"s:44:19:44:23":17,"s:46:2:46:Infinity":18,"f:49:9:49:18":4,"s:50:15:50:Infinity":19,"s:51:24:51:Infinity":20,"s:52:2:52:Infinity":21,"s:52:15:52:18":22,"s:52:35:52:Infinity":23,"s:53:2:53:Infinity":24,"f:62:16:62:Infinity":5,"s:68:8:68:Infinity":25,"s:69:15:69:Infinity":26,"s:70:15:70:Infinity":27,"s:71:8:71:Infinity":28,"f:71:8:71:15":6,"s:71:48:71:Infinity":29,"s:73:15:73:Infinity":30,"b:74:2:74:Infinity:undefined:undefined:undefined:undefined":3,"s:74:2:74:Infinity":31,"b:74:6:74:15:74:15:74:52":4,"s:74:52:74:Infinity":32,"s:76:20:76:Infinity":33,"s:77:2:87:Infinity":34,"s:77:17:77:20":35,"s:78:4:86:Infinity":36,"s:78:18:78:24":37,"s:79:6:85:Infinity":38,"s:79:20:79:26":39,"b:80:8:80:Infinity:undefined:undefined:undefined:undefined":5,"s:80:8:80:Infinity":40,"s:80:58:80:Infinity":41,"s:81:18:81:Infinity":42,"b:82:8:82:Infinity:undefined:undefined:undefined:undefined":6,"s:82:8:82:Infinity":43,"b:82:12:82:21:82:21:82:32":7,"s:82:32:82:Infinity":44,"s:83:21:83:Infinity":45,"b:84:8:84:Infinity:undefined:undefined:undefined:undefined":8,"s:84:8:84:Infinity":46,"s:84:40:84:Infinity":47,"s:88:2:88:Infinity":48,"f:95:22:95:Infinity":7,"s:100:12:100:Infinity":49,"b:101:2:101:Infinity:undefined:undefined:undefined:undefined":9,"s:101:2:101:Infinity":50,"s:101:10:101:Infinity":51,"s:102:2:102:Infinity":52},"fnNames":{}}}
,"/Users/Alex/Documents/GitHub/flood-map/src/geo/endpoints.ts": {"path":"/Users/Alex/Documents/GitHub/flood-map/src/geo/endpoints.ts","statementMap":{"0":{"start":{"line":7,"column":13},"end":{"line":7,"column":null}},"1":{"start":{"line":9,"column":25},"end":{"line":17,"column":null}}},"fnMap":{},"branchMap":{"0":{"loc":{"start":{"line":10,"column":11},"end":{"line":10,"column":null}},"type":"cond-expr","locations":[{"start":{"line":10,"column":18},"end":{"line":10,"column":58}},{"start":{"line":10,"column":58},"end":{"line":10,"column":null}}],"line":10},"1":{"loc":{"start":{"line":11,"column":9},"end":{"line":11,"column":null}},"type":"cond-expr","locations":[{"start":{"line":11,"column":16},"end":{"line":11,"column":66}},{"start":{"line":11,"column":66},"end":{"line":11,"column":null}}],"line":11},"2":{"loc":{"start":{"line":12,"column":7},"end":{"line":14,"column":null}},"type":"cond-expr","locations":[{"start":{"line":13,"column":6},"end":{"line":13,"column":null}},{"start":{"line":14,"column":6},"end":{"line":14,"column":null}}],"line":12},"3":{"loc":{"start":{"line":15,"column":9},"end":{"line":15,"column":null}},"type":"cond-expr","locations":[{"start":{"line":15,"column":16},"end":{"line":15,"column":64}},{"start":{"line":15,"column":64},"end":{"line":15,"column":null}}],"line":15},"4":{"loc":{"start":{"line":16,"column":14},"end":{"line":16,"column":null}},"type":"cond-expr","locations":[{"start":{"line":16,"column":21},"end":{"line":16,"column":78}},{"start":{"line":16,"column":78},"end":{"line":16,"column":null}}],"line":16}},"s":{"0":2,"1":2},"f":{},"b":{"0":[0,2],"1":[0,2],"2":[0,2],"3":[0,2],"4":[0,2]},"meta":{"lastBranch":5,"lastFunction":0,"lastStatement":2,"seen":{"s:7:13:7:Infinity":0,"s:9:25:17:Infinity":1,"b:10:18:10:58:10:58:10:Infinity":0,"b:11:16:11:66:11:66:11:Infinity":1,"b:13:6:13:Infinity:14:6:14:Infinity":2,"b:15:16:15:64:15:64:15:Infinity":3,"b:16:21:16:78:16:78:16:Infinity":4},"fnNames":{}}}
,"/Users/Alex/Documents/GitHub/flood-map/src/geo/geology.ts": {"path":"/Users/Alex/Documents/GitHub/flood-map/src/geo/geology.ts","statementMap":{"0":{"start":{"line":36,"column":29},"end":{"line":36,"column":null}},"1":{"start":{"line":38,"column":29},"end":{"line":38,"column":null}},"2":{"start":{"line":40,"column":12},"end":{"line":44,"column":null}},"3":{"start":{"line":46,"column":23},"end":{"line":46,"column":null}},"4":{"start":{"line":50,"column":13},"end":{"line":50,"column":null}},"5":{"start":{"line":51,"column":2},"end":{"line":55,"column":null}},"6":{"start":{"line":52,"column":4},"end":{"line":52,"column":null}},"7":{"start":{"line":53,"column":4},"end":{"line":53,"column":null}},"8":{"start":{"line":54,"column":4},"end":{"line":54,"column":null}},"9":{"start":{"line":56,"column":2},"end":{"line":56,"column":null}},"10":{"start":{"line":60,"column":12},"end":{"line":60,"column":null}},"11":{"start":{"line":61,"column":8},"end":{"line":61,"column":null}},"12":{"start":{"line":61,"column":45},"end":{"line":61,"column":null}},"13":{"start":{"line":62,"column":26},"end":{"line":67,"column":null}},"14":{"start":{"line":68,"column":19},"end":{"line":68,"column":null}},"15":{"start":{"line":69,"column":15},"end":{"line":74,"column":null}},"16":{"start":{"line":75,"column":16},"end":{"line":75,"column":null}},"17":{"start":{"line":76,"column":2},"end":{"line":76,"column":null}},"18":{"start":{"line":77,"column":2},"end":{"line":77,"column":null}},"19":{"start":{"line":82,"column":13},"end":{"line":82,"column":null}},"20":{"start":{"line":83,"column":8},"end":{"line":83,"column":null}},"21":{"start":{"line":83,"column":45},"end":{"line":83,"column":null}},"22":{"start":{"line":84,"column":18},"end":{"line":84,"column":null}},"23":{"start":{"line":85,"column":18},"end":{"line":85,"column":null}},"24":{"start":{"line":86,"column":17},"end":{"line":91,"column":null}},"25":{"start":{"line":92,"column":16},"end":{"line":92,"column":null}},"26":{"start":{"line":93,"column":2},"end":{"line":93,"column":null}},"27":{"start":{"line":94,"column":2},"end":{"line":94,"column":null}},"28":{"start":{"line":103,"column":15},"end":{"line":103,"column":null}},"29":{"start":{"line":104,"column":2},"end":{"line":109,"column":null}},"30":{"start":{"line":113,"column":2},"end":{"line":116,"column":null}},"31":{"start":{"line":114,"column":25},"end":{"line":114,"column":null}},"32":{"start":{"line":115,"column":4},"end":{"line":115,"column":null}},"33":{"start":{"line":115,"column":54},"end":{"line":115,"column":null}},"34":{"start":{"line":117,"column":2},"end":{"line":117,"column":null}},"35":{"start":{"line":122,"column":2},"end":{"line":122,"column":null}},"36":{"start":{"line":127,"column":2},"end":{"line":127,"column":null}},"37":{"start":{"line":136,"column":26},"end":{"line":141,"column":null}},"38":{"start":{"line":142,"column":19},"end":{"line":142,"column":null}},"39":{"start":{"line":143,"column":26},"end":{"line":150,"column":null}},"40":{"start":{"line":143,"column":55},"end":{"line":150,"column":4}},"41":{"start":{"line":151,"column":2},"end":{"line":157,"column":null}},"42":{"start":{"line":167,"column":26},"end":{"line":174,"column":null}},"43":{"start":{"line":167,"column":55},"end":{"line":174,"column":4}},"44":{"start":{"line":175,"column":15},"end":{"line":175,"column":null}},"45":{"start":{"line":176,"column":2},"end":{"line":182,"column":null}},"46":{"start":{"line":186,"column":33},"end":{"line":191,"column":null}},"47":{"start":{"line":194,"column":2},"end":{"line":194,"column":null}}},"fnMap":{"0":{"name":"ordered","decl":{"start":{"line":48,"column":9},"end":{"line":48,"column":17}},"loc":{"start":{"line":48,"column":52},"end":{"line":57,"column":null}},"line":48},"1":{"name":"landLayers","decl":{"start":{"line":59,"column":9},"end":{"line":59,"column":20}},"loc":{"start":{"line":59,"column":106},"end":{"line":78,"column":null}},"line":59},"2":{"name":"(anonymous_2)","decl":{"start":{"line":61,"column":8},"end":{"line":61,"column":17}},"loc":{"start":{"line":61,"column":45},"end":{"line":61,"column":null}},"line":61},"3":{"name":"marineLayers","decl":{"start":{"line":80,"column":9},"end":{"line":80,"column":22}},"loc":{"start":{"line":80,"column":52},"end":{"line":95,"column":null}},"line":80},"4":{"name":"(anonymous_4)","decl":{"start":{"line":83,"column":8},"end":{"line":83,"column":17}},"loc":{"start":{"line":83,"column":45},"end":{"line":83,"column":null}},"line":83},"5":{"name":"buildColumns","decl":{"start":{"line":102,"column":16},"end":{"line":102,"column":29}},"loc":{"start":{"line":102,"column":102},"end":{"line":110,"column":null}},"line":102},"6":{"name":"lookupColumn","decl":{"start":{"line":112,"column":9},"end":{"line":112,"column":22}},"loc":{"start":{"line":112,"column":95},"end":{"line":118,"column":null}},"line":112},"7":{"name":"findRegional","decl":{"start":{"line":121,"column":16},"end":{"line":121,"column":29}},"loc":{"start":{"line":121,"column":78},"end":{"line":123,"column":null}},"line":121},"8":{"name":"findRegionalMarine","decl":{"start":{"line":126,"column":16},"end":{"line":126,"column":35}},"loc":{"start":{"line":126,"column":84},"end":{"line":128,"column":null}},"line":126},"9":{"name":"buildRegionalColumns","decl":{"start":{"line":135,"column":16},"end":{"line":135,"column":37}},"loc":{"start":{"line":135,"column":116},"end":{"line":158,"column":null}},"line":135},"10":{"name":"(anonymous_10)","decl":{"start":{"line":143,"column":40},"end":{"line":143,"column":45}},"loc":{"start":{"line":143,"column":55},"end":{"line":150,"column":4}},"line":143},"11":{"name":"buildMarineRegionalColumns","decl":{"start":{"line":166,"column":16},"end":{"line":166,"column":43}},"loc":{"start":{"line":166,"column":97},"end":{"line":183,"column":null}},"line":166},"12":{"name":"(anonymous_12)","decl":{"start":{"line":167,"column":40},"end":{"line":167,"column":45}},"loc":{"start":{"line":167,"column":55},"end":{"line":174,"column":4}},"line":167},"13":{"name":"defaultColumns","decl":{"start":{"line":193,"column":16},"end":{"line":193,"column":45}},"loc":{"start":{"line":193,"column":45},"end":{"line":195,"column":null}},"line":193}},"branchMap":{"0":{"loc":{"start":{"line":62,"column":26},"end":{"line":67,"column":null}},"type":"cond-expr","locations":[{"start":{"line":63,"column":6},"end":{"line":63,"column":null}},{"start":{"line":64,"column":6},"end":{"line":67,"column":null}}],"line":62},"1":{"loc":{"start":{"line":62,"column":26},"end":{"line":62,"column":null}},"type":"binary-expr","locations":[{"start":{"line":62,"column":26},"end":{"line":62,"column":34}},{"start":{"line":62,"column":34},"end":{"line":62,"column":null}}],"line":62},"2":{"loc":{"start":{"line":77,"column":51},"end":{"line":77,"column":72}},"type":"binary-expr","locations":[{"start":{"line":77,"column":51},"end":{"line":77,"column":59}},{"start":{"line":77,"column":59},"end":{"line":77,"column":72}}],"line":77},"3":{"loc":{"start":{"line":108,"column":22},"end":{"line":108,"column":null}},"type":"cond-expr","locations":[{"start":{"line":108,"column":32},"end":{"line":108,"column":83}},{"start":{"line":108,"column":83},"end":{"line":108,"column":null}}],"line":108},"4":{"loc":{"start":{"line":115,"column":4},"end":{"line":115,"column":null}},"type":"if","locations":[{"start":{"line":115,"column":4},"end":{"line":115,"column":null}},{"start":{},"end":{}}],"line":115},"5":{"loc":{"start":{"line":115,"column":8},"end":{"line":115,"column":54}},"type":"binary-expr","locations":[{"start":{"line":115,"column":8},"end":{"line":115,"column":20}},{"start":{"line":115,"column":20},"end":{"line":115,"column":32}},{"start":{"line":115,"column":32},"end":{"line":115,"column":44}},{"start":{"line":115,"column":44},"end":{"line":115,"column":54}}],"line":115},"6":{"loc":{"start":{"line":136,"column":26},"end":{"line":141,"column":null}},"type":"cond-expr","locations":[{"start":{"line":137,"column":6},"end":{"line":137,"column":null}},{"start":{"line":138,"column":6},"end":{"line":141,"column":null}}],"line":136},"7":{"loc":{"start":{"line":136,"column":26},"end":{"line":136,"column":null}},"type":"binary-expr","locations":[{"start":{"line":136,"column":26},"end":{"line":136,"column":34}},{"start":{"line":136,"column":34},"end":{"line":136,"column":null}}],"line":136},"8":{"loc":{"start":{"line":146,"column":27},"end":{"line":146,"column":49}},"type":"cond-expr","locations":[{"start":{"line":146,"column":37},"end":{"line":146,"column":48}},{"start":{"line":146,"column":48},"end":{"line":146,"column":49}}],"line":146},"9":{"loc":{"start":{"line":152,"column":63},"end":{"line":152,"column":84}},"type":"binary-expr","locations":[{"start":{"line":152,"column":63},"end":{"line":152,"column":71}},{"start":{"line":152,"column":71},"end":{"line":152,"column":84}}],"line":152}},"s":{"0":1,"1":1,"2":1,"3":1,"4":28,"5":28,"6":133,"7":133,"8":133,"9":28,"10":11,"11":11,"12":77,"13":11,"14":11,"15":11,"16":11,"17":11,"18":11,"19":12,"20":12,"21":48,"22":12,"23":12,"24":12,"25":12,"26":12,"27":12,"28":9,"29":9,"30":4,"31":124,"32":124,"33":2,"34":2,"35":2,"36":2,"37":3,"38":3,"39":3,"40":27,"41":3,"42":2,"43":14,"44":2,"45":2,"46":1,"47":1},"f":{"0":28,"1":11,"2":77,"3":12,"4":48,"5":9,"6":4,"7":2,"8":2,"9":3,"10":27,"11":2,"12":14,"13":1},"b":{"0":[4,7],"1":[11,5],"2":[11,5],"3":[2,7],"4":[2,122],"5":[124,11,3,2],"6":[2,1],"7":[3,2],"8":[3,24],"9":[3,2]},"meta":{"lastBranch":10,"lastFunction":14,"lastStatement":48,"seen":{"s:36:29:36:Infinity":0,"s:38:29:38:Infinity":1,"s:40:12:44:Infinity":2,"s:46:23:46:Infinity":3,"f:48:9:48:17":0,"s:50:13:50:Infinity":4,"s:51:2:55:Infinity":5,"s:52:4:52:Infinity":6,"s:53:4:53:Infinity":7,"s:54:4:54:Infinity":8,"s:56:2:56:Infinity":9,"f:59:9:59:20":1,"s:60:12:60:Infinity":10,"s:61:8:61:Infinity":11,"f:61:8:61:17":2,"s:61:45:61:Infinity":12,"s:62:26:67:Infinity":13,"b:63:6:63:Infinity:64:6:67:Infinity":0,"b:62:26:62:34:62:34:62:Infinity":1,"s:68:19:68:Infinity":14,"s:69:15:74:Infinity":15,"s:75:16:75:Infinity":16,"s:76:2:76:Infinity":17,"s:77:2:77:Infinity":18,"b:77:51:77:59:77:59:77:72":2,"f:80:9:80:22":3,"s:82:13:82:Infinity":19,"s:83:8:83:Infinity":20,"f:83:8:83:17":4,"s:83:45:83:Infinity":21,"s:84:18:84:Infinity":22,"s:85:18:85:Infinity":23,"s:86:17:91:Infinity":24,"s:92:16:92:Infinity":25,"s:93:2:93:Infinity":26,"s:94:2:94:Infinity":27,"f:102:16:102:29":5,"s:103:15:103:Infinity":28,"s:104:2:109:Infinity":29,"b:108:32:108:83:108:83:108:Infinity":3,"f:112:9:112:22":6,"s:113:2:116:Infinity":30,"s:114:25:114:Infinity":31,"b:115:4:115:Infinity:undefined:undefined:undefined:undefined":4,"s:115:4:115:Infinity":32,"b:115:8:115:20:115:20:115:32:115:32:115:44:115:44:115:54":5,"s:115:54:115:Infinity":33,"s:117:2:117:Infinity":34,"f:121:16:121:29":7,"s:122:2:122:Infinity":35,"f:126:16:126:35":8,"s:127:2:127:Infinity":36,"f:135:16:135:37":9,"s:136:26:141:Infinity":37,"b:137:6:137:Infinity:138:6:141:Infinity":6,"b:136:26:136:34:136:34:136:Infinity":7,"s:142:19:142:Infinity":38,"s:143:26:150:Infinity":39,"f:143:40:143:45":10,"s:143:55:150:4":40,"b:146:37:146:48:146:48:146:49":8,"s:151:2:157:Infinity":41,"b:152:63:152:71:152:71:152:84":9,"f:166:16:166:43":11,"s:167:26:174:Infinity":42,"f:167:40:167:45":12,"s:167:55:174:4":43,"s:175:15:175:Infinity":44,"s:176:2:182:Infinity":45,"s:186:33:191:Infinity":46,"f:193:16:193:45":13,"s:194:2:194:Infinity":47},"fnNames":{}}}
,"/Users/Alex/Documents/GitHub/flood-map/src/geo/heightmap.ts": {"path":"/Users/Alex/Documents/GitHub/flood-map/src/geo/heightmap.ts","statementMap":{"0":{"start":{"line":27,"column":12},"end":{"line":27,"column":null}},"1":{"start":{"line":28,"column":12},"end":{"line":28,"column":null}},"2":{"start":{"line":29,"column":2},"end":{"line":33,"column":null}},"3":{"start":{"line":29,"column":15},"end":{"line":29,"column":18}},"4":{"start":{"line":30,"column":14},"end":{"line":30,"column":null}},"5":{"start":{"line":31,"column":4},"end":{"line":31,"column":null}},"6":{"start":{"line":31,"column":17},"end":{"line":31,"column":null}},"7":{"start":{"line":32,"column":4},"end":{"line":32,"column":null}},"8":{"start":{"line":32,"column":17},"end":{"line":32,"column":null}},"9":{"start":{"line":34,"column":2},"end":{"line":34,"column":null}},"10":{"start":{"line":34,"column":22},"end":{"line":34,"column":null}},"11":{"start":{"line":35,"column":2},"end":{"line":35,"column":null}},"12":{"start":{"line":35,"column":22},"end":{"line":35,"column":null}},"13":{"start":{"line":36,"column":2},"end":{"line":36,"column":null}}},"fnMap":{"0":{"name":"computeMinMax","decl":{"start":{"line":26,"column":16},"end":{"line":26,"column":30}},"loc":{"start":{"line":26,"column":80},"end":{"line":37,"column":null}},"line":26}},"branchMap":{"0":{"loc":{"start":{"line":31,"column":4},"end":{"line":31,"column":null}},"type":"if","locations":[{"start":{"line":31,"column":4},"end":{"line":31,"column":null}},{"start":{},"end":{}}],"line":31},"1":{"loc":{"start":{"line":32,"column":4},"end":{"line":32,"column":null}},"type":"if","locations":[{"start":{"line":32,"column":4},"end":{"line":32,"column":null}},{"start":{},"end":{}}],"line":32},"2":{"loc":{"start":{"line":34,"column":2},"end":{"line":34,"column":null}},"type":"if","locations":[{"start":{"line":34,"column":2},"end":{"line":34,"column":null}},{"start":{},"end":{}}],"line":34},"3":{"loc":{"start":{"line":35,"column":2},"end":{"line":35,"column":null}},"type":"if","locations":[{"start":{"line":35,"column":2},"end":{"line":35,"column":null}},{"start":{},"end":{}}],"line":35}},"s":{"0":19,"1":19,"2":19,"3":19,"4":7526,"5":7526,"6":521,"7":7526,"8":27,"9":19,"10":1,"11":19,"12":1,"13":19},"f":{"0":19},"b":{"0":[521,7005],"1":[27,7499],"2":[1,18],"3":[1,18]},"meta":{"lastBranch":4,"lastFunction":1,"lastStatement":14,"seen":{"f:26:16:26:30":0,"s:27:12:27:Infinity":0,"s:28:12:28:Infinity":1,"s:29:2:33:Infinity":2,"s:29:15:29:18":3,"s:30:14:30:Infinity":4,"b:31:4:31:Infinity:undefined:undefined:undefined:undefined":0,"s:31:4:31:Infinity":5,"s:31:17:31:Infinity":6,"b:32:4:32:Infinity:undefined:undefined:undefined:undefined":1,"s:32:4:32:Infinity":7,"s:32:17:32:Infinity":8,"b:34:2:34:Infinity:undefined:undefined:undefined:undefined":2,"s:34:2:34:Infinity":9,"s:34:22:34:Infinity":10,"b:35:2:35:Infinity:undefined:undefined:undefined:undefined":3,"s:35:2:35:Infinity":11,"s:35:22:35:Infinity":12,"s:36:2:36:Infinity":13},"fnNames":{}}}
,"/Users/Alex/Documents/GitHub/flood-map/src/geo/landcover.ts": {"path":"/Users/Alex/Documents/GitHub/flood-map/src/geo/landcover.ts","statementMap":{"0":{"start":{"line":16,"column":19},"end":{"line":16,"column":null}},"1":{"start":{"line":17,"column":17},"end":{"line":17,"column":null}},"2":{"start":{"line":18,"column":18},"end":{"line":18,"column":null}},"3":{"start":{"line":21,"column":14},"end":{"line":21,"column":null}},"4":{"start":{"line":22,"column":14},"end":{"line":22,"column":null}},"5":{"start":{"line":23,"column":2},"end":{"line":23,"column":null}},"6":{"start":{"line":32,"column":2},"end":{"line":32,"column":null}},"7":{"start":{"line":32,"column":76},"end":{"line":32,"column":null}},"8":{"start":{"line":33,"column":8},"end":{"line":33,"column":null}},"9":{"start":{"line":34,"column":8},"end":{"line":34,"column":null}},"10":{"start":{"line":35,"column":12},"end":{"line":35,"column":null}},"11":{"start":{"line":36,"column":12},"end":{"line":36,"column":null}},"12":{"start":{"line":37,"column":2},"end":{"line":37,"column":null}},"13":{"start":{"line":45,"column":15},"end":{"line":45,"column":null}},"14":{"start":{"line":46,"column":13},"end":{"line":46,"column":23}},"15":{"start":{"line":46,"column":31},"end":{"line":46,"column":41}},"16":{"start":{"line":46,"column":48},"end":{"line":46,"column":59}},"17":{"start":{"line":46,"column":67},"end":{"line":46,"column":null}},"18":{"start":{"line":47,"column":2},"end":{"line":52,"column":null}},"19":{"start":{"line":47,"column":15},"end":{"line":47,"column":18}},"20":{"start":{"line":48,"column":4},"end":{"line":48,"column":null}},"21":{"start":{"line":48,"column":23},"end":{"line":48,"column":null}},"22":{"start":{"line":49,"column":4},"end":{"line":49,"column":null}},"23":{"start":{"line":49,"column":23},"end":{"line":49,"column":null}},"24":{"start":{"line":50,"column":4},"end":{"line":50,"column":null}},"25":{"start":{"line":50,"column":24},"end":{"line":50,"column":null}},"26":{"start":{"line":51,"column":4},"end":{"line":51,"column":null}},"27":{"start":{"line":51,"column":24},"end":{"line":51,"column":null}},"28":{"start":{"line":53,"column":14},"end":{"line":53,"column":null}},"29":{"start":{"line":54,"column":2},"end":{"line":54,"column":15}},"30":{"start":{"line":54,"column":15},"end":{"line":54,"column":29}},"31":{"start":{"line":54,"column":29},"end":{"line":54,"column":42}},"32":{"start":{"line":54,"column":42},"end":{"line":54,"column":null}},"33":{"start":{"line":56,"column":8},"end":{"line":56,"column":null}},"34":{"start":{"line":56,"column":28},"end":{"line":56,"column":null}},"35":{"start":{"line":57,"column":41},"end":{"line":57,"column":null}},"36":{"start":{"line":58,"column":2},"end":{"line":60,"column":null}},"37":{"start":{"line":58,"column":16},"end":{"line":58,"column":27}},"38":{"start":{"line":59,"column":4},"end":{"line":59,"column":null}},"39":{"start":{"line":59,"column":18},"end":{"line":59,"column":28}},"40":{"start":{"line":59,"column":60},"end":{"line":59,"column":null}},"41":{"start":{"line":61,"column":2},"end":{"line":61,"column":null}},"42":{"start":{"line":61,"column":32},"end":{"line":61,"column":null}},"43":{"start":{"line":63,"column":27},"end":{"line":63,"column":null}},"44":{"start":{"line":64,"column":2},"end":{"line":88,"column":null}},"45":{"start":{"line":65,"column":51},"end":{"line":68,"column":null}},"46":{"start":{"line":69,"column":4},"end":{"line":69,"column":null}},"47":{"start":{"line":69,"column":50},"end":{"line":69,"column":null}},"48":{"start":{"line":70,"column":14},"end":{"line":70,"column":null}},"49":{"start":{"line":71,"column":14},"end":{"line":71,"column":null}},"50":{"start":{"line":72,"column":4},"end":{"line":87,"column":null}},"51":{"start":{"line":73,"column":18},"end":{"line":73,"column":null}},"52":{"start":{"line":74,"column":19},"end":{"line":74,"column":null}},"53":{"start":{"line":75,"column":21},"end":{"line":75,"column":null}},"54":{"start":{"line":76,"column":6},"end":{"line":84,"column":null}},"55":{"start":{"line":89,"column":2},"end":{"line":89,"column":null}},"56":{"start":{"line":89,"column":23},"end":{"line":89,"column":null}},"57":{"start":{"line":91,"column":14},"end":{"line":91,"column":null}},"58":{"start":{"line":92,"column":2},"end":{"line":96,"column":null}},"59":{"start":{"line":92,"column":15},"end":{"line":92,"column":18}},"60":{"start":{"line":93,"column":27},"end":{"line":93,"column":null}},"61":{"start":{"line":94,"column":4},"end":{"line":94,"column":null}},"62":{"start":{"line":94,"column":31},"end":{"line":94,"column":67}},"63":{"start":{"line":94,"column":67},"end":{"line":94,"column":90}},"64":{"start":{"line":94,"column":83},"end":{"line":94,"column":90}},"65":{"start":{"line":95,"column":4},"end":{"line":95,"column":null}},"66":{"start":{"line":97,"column":2},"end":{"line":97,"column":null}}},"fnMap":{"0":{"name":"tileUrl","decl":{"start":{"line":20,"column":16},"end":{"line":20,"column":24}},"loc":{"start":{"line":20,"column":62},"end":{"line":24,"column":null}},"line":20},"1":{"name":"samplePatch","decl":{"start":{"line":31,"column":16},"end":{"line":31,"column":28}},"loc":{"start":{"line":31,"column":79},"end":{"line":38,"column":null}},"line":31},"2":{"name":"fetchLandCover","decl":{"start":{"line":40,"column":22},"end":{"line":40,"column":null}},"loc":{"start":{"line":44,"column":22},"end":{"line":98,"column":null}},"line":44},"3":{"name":"(anonymous_3)","decl":{"start":{"line":56,"column":8},"end":{"line":56,"column":14}},"loc":{"start":{"line":56,"column":28},"end":{"line":56,"column":null}},"line":56},"4":{"name":"(anonymous_4)","decl":{"start":{"line":64,"column":30},"end":{"line":64,"column":37}},"loc":{"start":{"line":64,"column":50},"end":{"line":88,"column":3}},"line":64}},"branchMap":{"0":{"loc":{"start":{"line":21,"column":17},"end":{"line":21,"column":42}},"type":"cond-expr","locations":[{"start":{"line":21,"column":30},"end":{"line":21,"column":36}},{"start":{"line":21,"column":36},"end":{"line":21,"column":42}}],"line":21},"1":{"loc":{"start":{"line":22,"column":17},"end":{"line":22,"column":42}},"type":"cond-expr","locations":[{"start":{"line":22,"column":30},"end":{"line":22,"column":36}},{"start":{"line":22,"column":36},"end":{"line":22,"column":42}}],"line":22},"2":{"loc":{"start":{"line":32,"column":2},"end":{"line":32,"column":null}},"type":"if","locations":[{"start":{"line":32,"column":2},"end":{"line":32,"column":null}},{"start":{},"end":{}}],"line":32},"3":{"loc":{"start":{"line":32,"column":6},"end":{"line":32,"column":76}},"type":"binary-expr","locations":[{"start":{"line":32,"column":6},"end":{"line":32,"column":24}},{"start":{"line":32,"column":24},"end":{"line":32,"column":42}},{"start":{"line":32,"column":42},"end":{"line":32,"column":60}},{"start":{"line":32,"column":60},"end":{"line":32,"column":76}}],"line":32},"4":{"loc":{"start":{"line":48,"column":4},"end":{"line":48,"column":null}},"type":"if","locations":[{"start":{"line":48,"column":4},"end":{"line":48,"column":null}},{"start":{},"end":{}}],"line":48},"5":{"loc":{"start":{"line":49,"column":4},"end":{"line":49,"column":null}},"type":"if","locations":[{"start":{"line":49,"column":4},"end":{"line":49,"column":null}},{"start":{},"end":{}}],"line":49},"6":{"loc":{"start":{"line":50,"column":4},"end":{"line":50,"column":null}},"type":"if","locations":[{"start":{"line":50,"column":4},"end":{"line":50,"column":null}},{"start":{},"end":{}}],"line":50},"7":{"loc":{"start":{"line":51,"column":4},"end":{"line":51,"column":null}},"type":"if","locations":[{"start":{"line":51,"column":4},"end":{"line":51,"column":null}},{"start":{},"end":{}}],"line":51},"8":{"loc":{"start":{"line":61,"column":2},"end":{"line":61,"column":null}},"type":"if","locations":[{"start":{"line":61,"column":2},"end":{"line":61,"column":null}},{"start":{},"end":{}}],"line":61},"9":{"loc":{"start":{"line":69,"column":4},"end":{"line":69,"column":null}},"type":"if","locations":[{"start":{"line":69,"column":4},"end":{"line":69,"column":null}},{"start":{},"end":{}}],"line":69},"10":{"loc":{"start":{"line":69,"column":8},"end":{"line":69,"column":50}},"type":"binary-expr","locations":[{"start":{"line":69,"column":8},"end":{"line":69,"column":30}},{"start":{"line":69,"column":30},"end":{"line":69,"column":50}}],"line":69},"11":{"loc":{"start":{"line":89,"column":2},"end":{"line":89,"column":null}},"type":"if","locations":[{"start":{"line":89,"column":2},"end":{"line":89,"column":null}},{"start":{},"end":{}}],"line":89},"12":{"loc":{"start":{"line":94,"column":67},"end":{"line":94,"column":90}},"type":"if","locations":[{"start":{"line":94,"column":67},"end":{"line":94,"column":90}},{"start":{},"end":{}}],"line":94},"13":{"loc":{"start":{"line":95,"column":13},"end":{"line":95,"column":null}},"type":"cond-expr","locations":[{"start":{"line":95,"column":26},"end":{"line":95,"column":31}},{"start":{"line":95,"column":31},"end":{"line":95,"column":null}}],"line":95}},"s":{"0":2,"1":2,"2":2,"3":5,"4":5,"5":5,"6":10,"7":4,"8":6,"9":6,"10":6,"11":6,"12":6,"13":0,"14":0,"15":0,"16":0,"17":0,"18":0,"19":0,"20":0,"21":0,"22":0,"23":0,"24":0,"25":0,"26":0,"27":0,"28":0,"29":0,"30":0,"31":0,"32":0,"33":0,"34":0,"35":0,"36":0,"37":0,"38":0,"39":0,"40":0,"41":0,"42":0,"43":0,"44":0,"45":0,"46":0,"47":0,"48":0,"49":0,"50":0,"51":0,"52":0,"53":0,"54":0,"55":0,"56":0,"57":0,"58":0,"59":0,"60":0,"61":0,"62":0,"63":0,"64":0,"65":0,"66":0},"f":{"0":5,"1":10,"2":0,"3":0,"4":0},"b":{"0":[3,2],"1":[3,2],"2":[4,6],"3":[10,9,8,7],"4":[0,0],"5":[0,0],"6":[0,0],"7":[0,0],"8":[0,0],"9":[0,0],"10":[0,0],"11":[0,0],"12":[0,0],"13":[0,0]},"meta":{"lastBranch":14,"lastFunction":5,"lastStatement":67,"seen":{"s:16:19:16:Infinity":0,"s:17:17:17:Infinity":1,"s:18:18:18:Infinity":2,"f:20:16:20:24":0,"s:21:14:21:Infinity":3,"b:21:30:21:36:21:36:21:42":0,"s:22:14:22:Infinity":4,"b:22:30:22:36:22:36:22:42":1,"s:23:2:23:Infinity":5,"f:31:16:31:28":1,"b:32:2:32:Infinity:undefined:undefined:undefined:undefined":2,"s:32:2:32:Infinity":6,"b:32:6:32:24:32:24:32:42:32:42:32:60:32:60:32:76":3,"s:32:76:32:Infinity":7,"s:33:8:33:Infinity":8,"s:34:8:34:Infinity":9,"s:35:12:35:Infinity":10,"s:36:12:36:Infinity":11,"s:37:2:37:Infinity":12,"f:40:22:40:Infinity":2,"s:45:15:45:Infinity":13,"s:46:13:46:23":14,"s:46:31:46:41":15,"s:46:48:46:59":16,"s:46:67:46:Infinity":17,"s:47:2:52:Infinity":18,"s:47:15:47:18":19,"b:48:4:48:Infinity:undefined:undefined:undefined:undefined":4,"s:48:4:48:Infinity":20,"s:48:23:48:Infinity":21,"b:49:4:49:Infinity:undefined:undefined:undefined:undefined":5,"s:49:4:49:Infinity":22,"s:49:23:49:Infinity":23,"b:50:4:50:Infinity:undefined:undefined:undefined:undefined":6,"s:50:4:50:Infinity":24,"s:50:24:50:Infinity":25,"b:51:4:51:Infinity:undefined:undefined:undefined:undefined":7,"s:51:4:51:Infinity":26,"s:51:24:51:Infinity":27,"s:53:14:53:Infinity":28,"s:54:2:54:15":29,"s:54:15:54:29":30,"s:54:29:54:42":31,"s:54:42:54:Infin
[...]
":{"line":33,"column":null}},"12":{"start":{"line":34,"column":6},"end":{"line":34,"column":null}},"13":{"start":{"line":37,"column":2},"end":{"line":37,"column":null}},"14":{"start":{"line":41,"column":2},"end":{"line":41,"column":null}},"15":{"start":{"line":41,"column":27},"end":{"line":41,"column":null}},"16":{"start":{"line":42,"column":14},"end":{"line":42,"column":null}},"17":{"start":{"line":43,"column":2},"end":{"line":43,"column":null}}},"fnMap":{"0":{"name":"stormIntensityMmHr","decl":{"start":{"line":25,"column":16},"end":{"line":25,"column":35}},"loc":{"start":{"line":25,"column":102},"end":{"line":38,"column":null}},"line":25},"1":{"name":"stormDurationSec","decl":{"start":{"line":40,"column":16},"end":{"line":40,"column":33}},"loc":{"start":{"line":40,"column":58},"end":{"line":44,"column":null}},"line":40}},"branchMap":{"0":{"loc":{"start":{"line":26,"column":2},"end":{"line":26,"column":null}},"type":"if","locations":[{"start":{"line":26,"column":2},"end":{"line":26,"column":null}},{"start":{},"end":{}}],"line":26},"1":{"loc":{"start":{"line":29,"column":2},"end":{"line":29,"column":null}},"type":"if","locations":[{"start":{"line":29,"column":2},"end":{"line":29,"column":null}},{"start":{},"end":{}}],"line":29},"2":{"loc":{"start":{"line":31,"column":4},"end":{"line":35,"column":null}},"type":"if","locations":[{"start":{"line":31,"column":4},"end":{"line":35,"column":null}},{"start":{},"end":{}}],"line":31},"3":{"loc":{"start":{"line":41,"column":2},"end":{"line":41,"column":null}},"type":"if","locations":[{"start":{"line":41,"column":2},"end":{"line":41,"column":null}},{"start":{},"end":{}}],"line":41}},"s":{"0":1,"1":77648,"2":5,"3":77643,"4":77643,"5":77643,"6":23,"7":77620,"8":77620,"9":347457,"10":77612,"11":77612,"12":77612,"13":8,"14":28,"15":1,"16":27,"17":27},"f":{"0":77648,"1":28},"b":{"0":[5,77643],"1":[23,77620],"2":[77612,269845],"3":[1,27]},"meta":{"lastBranch":4,"lastFunction":2,"lastStatement":18,"seen":{"s:13:62:22:Infinity":0,"f:25:16:25:35":0,"b:26:2:26:Infinity:undefined:undefined:undefined:undefined":0,"s:26:2:26:Infinity":1,"s:26:27:26:Infinity":2,"s:27:14:27:Infinity":3,"s:28:14:28:Infinity":4,"b:29:2:29:Infinity:undefined:undefined:undefined:undefined":1,"s:29:2:29:Infinity":5,"s:29:24:29:Infinity":6,"s:30:2:36:Infinity":7,"s:30:15:30:18":8,"b:31:4:35:Infinity:undefined:undefined:undefined:undefined":2,"s:31:4:35:Infinity":9,"s:32:23:32:Infinity":10,"s:33:23:33:Infinity":11,"s:34:6:34:Infinity":12,"s:37:2:37:Infinity":13,"f:40:16:40:33":1,"b:41:2:41:Infinity:undefined:undefined:undefined:undefined":3,"s:41:2:41:Infinity":14,"s:41:27:41:Infinity":15,"s:42:14:42:Infinity":16,"s:43:2:43:Infinity":17},"fnNames":{}}}
,"/Users/Alex/Documents/GitHub/flood-map/src/sim/virtualPipes.ts": {"path":"/Users/Alex/Documents/GitHub/flood-map/src/sim/virtualPipes.ts","statementMap":{"0":{"start":{"line":40,"column":19},"end":{"line":40,"column":null}},"1":{"start":{"line":41,"column":2},"end":{"line":41,"column":null}},"2":{"start":{"line":45,"column":12},"end":{"line":45,"column":null}},"3":{"start":{"line":46,"column":2},"end":{"line":46,"column":null}},"4":{"start":{"line":55,"column":12},"end":{"line":55,"column":null}},"5":{"start":{"line":56,"column":12},"end":{"line":56,"column":null}},"6":{"start":{"line":57,"column":12},"end":{"line":57,"column":null}},"7":{"start":{"line":58,"column":12},"end":{"line":58,"column":null}},"8":{"start":{"line":59,"column":12},"end":{"line":59,"column":null}},"9":{"start":{"line":60,"column":19},"end":{"line":60,"column":null}},"10":{"start":{"line":61,"column":12},"end":{"line":61,"column":null}},"11":{"start":{"line":63,"column":15},"end":{"line":63,"column":null}},"12":{"start":{"line":64,"column":15},"end":{"line":64,"column":null}},"13":{"start":{"line":65,"column":15},"end":{"line":65,"column":null}},"14":{"start":{"line":66,"column":15},"end":{"line":66,"column":null}},"15":{"start":{"line":67,"column":18},"end":{"line":67,"column":null}},"16":{"start":{"line":68,"column":13},"end":{"line":68,"column":null}},"17":{"start":{"line":69,"column":13},"end":{"line":69,"column":null}},"18":{"start":{"line":70,"column":13},"end":{"line":70,"column":null}},"19":{"start":{"line":71,"column":13},"end":{"line":71,"column":null}},"20":{"start":{"line":73,"column":13},"end":{"line":73,"column":null}},"21":{"start":{"line":74,"column":13},"end":{"line":74,"column":null}},"22":{"start":{"line":75,"column":13},"end":{"line":75,"column":null}},"23":{"start":{"line":76,"column":13},"end":{"line":76,"column":null}},"24":{"start":{"line":77,"column":15},"end":{"line":77,"column":null}},"25":{"start":{"line":78,"column":10},"end":{"line":78,"column":null}},"26":{"start":{"line":79,"column":2},"end":{"line":79,"column":null}},"27":{"start":{"line":79,"column":16},"end":{"line":79,"column":null}},"28":{"start":{"line":80,"column":2},"end":{"line":80,"column":null}},"29":{"start":{"line":85,"column":10},"end":{"line":85,"column":null}},"30":{"start":{"line":86,"column":2},"end":{"line":86,"column":null}},"31":{"start":{"line":86,"column":18},"end":{"line":86,"column":null}},"32":{"start":{"line":87,"column":2},"end":{"line":87,"column":null}},"33":{"start":{"line":87,"column":21},"end":{"line":87,"column":null}},"34":{"start":{"line":88,"column":2},"end":{"line":88,"column":null}},"35":{"start":{"line":88,"column":19},"end":{"line":88,"column":null}},"36":{"start":{"line":89,"column":2},"end":{"line":89,"column":null}},"37":{"start":{"line":89,"column":18},"end":{"line":89,"column":null}},"38":{"start":{"line":90,"column":2},"end":{"line":90,"column":null}},"39":{"start":{"line":99,"column":12},"end":{"line":99,"column":null}},"40":{"start":{"line":100,"column":15},"end":{"line":100,"column":null}},"41":{"start":{"line":101,"column":14},"end":{"line":101,"column":null}},"42":{"start":{"line":102,"column":2},"end":{"line":115,"column":null}},"43":{"start":{"line":102,"column":15},"end":{"line":102,"column":18}},"44":{"start":{"line":103,"column":4},"end":{"line":114,"column":null}},"45":{"start":{"line":103,"column":17},"end":{"line":103,"column":20}},"46":{"start":{"line":104,"column":16},"end":{"line":104,"column":null}},"47":{"start":{"line":105,"column":17},"end":{"line":105,"column":null}},"48":{"start":{"line":106,"column":22},"end":{"line":106,"column":null}},"49":{"start":{"line":107,"column":18},"end":{"line":107,"column":null}},"50":{"start":{"line":108,"column":18},"end":{"line":108,"column":null}},"51":{"start":{"line":109,"column":18},"end":{"line":109,"column":null}},"52":{"start":{"line":110,"column":18},"end":{"line":110,"column":null}},"53":{"start":{"line":111,"column":21},"end":{"line":111,"column":null}},"54":{"start":{"line":112,"column":19},"end":{"line":112,"column":null}},"55":{"start":{"line":113,"column":6},"end":{"line":113,"column":null}},"56":{"start":{"line":116,"column":2},"end":{"line":116,"column":null}},"57":{"start":{"line":127,"column":12},"end":{"line":127,"column":null}},"58":{"start":{"line":128,"column":15},"end":{"line":128,"column":null}},"59":{"start":{"line":129,"column":2},"end":{"line":138,"column":null}},"60":{"start":{"line":129,"column":15},"end":{"line":129,"column":18}},"61":{"start":{"line":130,"column":4},"end":{"line":137,"column":null}},"62":{"start":{"line":130,"column":17},"end":{"line":130,"column":20}},"63":{"start":{"line":131,"column":16},"end":{"line":131,"column":null}},"64":{"start":{"line":132,"column":12},"end":{"line":132,"column":null}},"65":{"start":{"line":133,"column":6},"end":{"line":133,"column":null}},"66":{"start":{"line":134,"column":6},"end":{"line":134,"column":null}},"67":{"start":{"line":135,"column":6},"end":{"line":135,"column":null}},"68":{"start":{"line":136,"column":6},"end":{"line":136,"column":null}},"69":{"start":{"line":139,"column":2},"end":{"line":139,"column":null}},"70":{"start":{"line":143,"column":12},"end":{"line":143,"column":null}},"71":{"start":{"line":144,"column":15},"end":{"line":144,"column":null}},"72":{"start":{"line":145,"column":14},"end":{"line":145,"column":null}},"73":{"start":{"line":146,"column":2},"end":{"line":159,"column":null}},"74":{"start":{"line":146,"column":15},"end":{"line":146,"column":18}},"75":{"start":{"line":147,"column":4},"end":{"line":158,"column":null}},"76":{"start":{"line":147,"column":17},"end":{"line":147,"column":20}},"77":{"start":{"line":148,"column":16},"end":{"line":148,"column":null}},"78":{"start":{"line":149,"column":16},"end":{"line":149,"column":null}},"79":{"start":{"line":150,"column":22},"end":{"line":150,"column":null}},"80":{"start":{"line":151,"column":18},"end":{"line":151,"column":null}},"81":{"start":{"line":152,"column":18},"end":{"line":152,"column":null}},"82":{"start":{"line":153,"column":18},"end":{"line":153,"column":null}},"83":{"start":{"line":154,"column":18},"end":{"line":154,"column":null}},"84":{"start":{"line":155,"column":21},"end":{"line":155,"column":null}},"85":{"start":{"line":156,"column":19},"end":{"line":156,"column":null}},"86":{"start":{"line":157,"column":6},"end":{"line":157,"column":null}},"87":{"start":{"line":160,"column":2},"end":{"line":160,"column":null}},"88":{"start":{"line":164,"column":2},"end":{"line":164,"column":null}}},"fnMap":{"0":{"name":"fluxCoef","decl":{"start":{"line":39,"column":9},"end":{"line":39,"column":18}},"loc":{"start":{"line":39,"column":41},"end":{"line":42,"column":null}},"line":39},"1":{"name":"surfAt","decl":{"start":{"line":44,"column":9},"end":{"line":44,"column":16}},"loc":{"start":{"line":44,"column":59},"end":{"line":47,"column":null}},"line":44},"2":{"name":"outflux","decl":{"start":{"line":54,"column":16},"end":{"line":54,"column":24}},"loc":{"start":{"line":54,"column":80},"end":{"line":81,"column":null}},"line":54},"3":{"name":"applySourcesSinks","decl":{"start":{"line":84,"column":9},"end":{"line":84,"column":27}},"loc":{"start":{"line":84,"column":63},"end":{"line":91,"column":null}},"line":84},"4":{"name":"stepSinglePass","decl":{"start":{"line":98,"column":16},"end":{"line":98,"column":31}},"loc":{"start":{"line":98,"column":73},"end":{"line":117,"column":null}},"line":98},"5":{"name":"computeFlux","decl":{"start":{"line":126,"column":16},"end":{"line":126,"column":28}},"loc":{"start":{"line":126,"column":70},"end":{"line":140,"column":null}},"line":126},"6":{"name":"integrate","decl":{"start":{"line":142,"column":16},"end":{"line":142,"column":26}},"loc":{"start":{"line":142,"column":88},"end":{"line":161,"column":null}},"line":142},"7":{"name":"stepTwoPass","decl":{"start":{"line":163,"column":16},"end":{"line":163,"column":28}},"loc":{"start":{"line":163,"column":70},"end":{"line":165,"column":null}},"line":163}},"branchMap":{"0":{"loc":{"start":{"line":61,"column":12},"end":{"line":61,"column":null}},"type":"cond-expr","locations":[{"start":{"line":61,"column":26},"end":{"line":61,"column":54}},{"start":{"line":61,"column":54},"end":{"line":61,"column":null}}],"line":61},"1":{"loc":{"start":{"line":67,"column":18},"end":{"line":67,"column":null}},"type":"cond-expr","locations":[{"start":{"line":67,"column":35},"end":{"line":67,"column":39}},{"start":{"line":67,"column":39},"end":{"line":67,"column":null}}],"line":67},"2":{"loc":{"start":{"line":68,"column":13},"end":{"line":68,"column":null}},"type":"cond-expr","locations":[{"start":{"line":68,"column":20},"end":{"line":68,"column":42}},{"start":{"line":68,"column":42},"end":{"line":68,"column":null}}],"line":68},"3":{"loc":{"start":{"line":69,"column":13},"end":{"line":69,"column":null}},"type":"cond-expr","locations":[{"start":{"line":69,"column":20},"end":{"line":69,"column":42}},{"start":{"line":69,"column":42},"end":{"line":69,"column":null}}],"line":69},"4":{"loc":{"start":{"line":70,"column":13},"end":{"line":70,"column":null}},"type":"cond-expr","locations":[{"start":{"line":70,"column":20},"end":{"line":70,"column":42}},{"start":{"line":70,"column":42},"end":{"line":70,"column":null}}],"line":70},"5":{"loc":{"start":{"line":71,"column":13},"end":{"line":71,"column":null}},"type":"cond-expr","locations":[{"start":{"line":71,"column":20},"end":{"line":71,"column":42}},{"start":{"line":71,"column":42},"end":{"line":71,"column":null}}],"line":71},"6":{"loc":{"start":{"line":79,"column":2},"end":{"line":79,"column":null}},"type":"if","locations":[{"start":{"line":79,"column":2},"end":{"line":79,"column":null}},{"start":{},"end":{}}],"line":79},"7":{"loc":{"start":{"line":86,"column":2},"end":{"line":86,"column":null}},"type":"if","locations":[{"start":{"line":86,"column":2},"end":{"line":86,"column":null}},{"start":{},"end":{}}],"line":86},"8":{"loc":{"start":{"line":87,"column":2},"end":{"line":87,"column":null}},"type":"if","locations":[{"start":{"line":87,"column":2},"end":{"line":87,"column":null}},{"start":{},"end":{}}],"line":87},"9":{"loc":{"start":{"line":88,"column":2},"end":{"line":88,"column":null}},"type":"if","locations":[{"start":{"line":88,"column":2},"end":{"line":88,"column":null}},{"start":{},"end":{}}],"line":88},"10":{"loc":{"start":{"line":89,"column":2},"end":{"line":89,"column":null}},"type":"if","locations":[{"start":{"line":89,"column":2},"end":{"line":89,"column":null}},{"start":{},"end":{}}],"line":89},"11":{"loc":{"start":{"line":107,"column":18},"end":{"line":107,"column":null}},"type":"cond-expr","locations":[{"start":{"line":107,"column":26},"end":{"line":107,"column":55}},{"start":{"line":107,"column":55},"end":{"line":107,"column":null}}],"line":107},"12":{"loc":{"start":{"line":108,"column":18},"end":{"line":108,"column":null}},"type":"cond-expr","locations":[{"start":{"line":108,"column":30},"end":{"line":108,"column":59}},{"start":{"line":108,"column":59},"end":{"line":108,"column":null}}],"line":108},"13":{"loc":{"start":{"line":109,"column":18},"end":{"line":109,"column":null}},"type":"cond-expr","locations":[{"start":{"line":109,"column":30},"end":{"line":109,"column":59}},{"start":{"line":109,"column":59},"end":{"line":109,"column":null}}],"line":109},"14":{"loc":{"start":{"line":110,"column":18},"end":{"line":110,"column":null}},"type":"cond-expr","locations":[{"start":{"line":110,"column":26},"end":{"line":110,"column":55}},{"start":{"line":110,"column":55},"end":{"line":110,"column":null}}],"line":110},"15":{"loc":{"start":{"line":151,"column":18},"end":{"line":151,"column":null}},"type":"cond-expr","locations":[{"start":{"line":151,"column":26},"end":{"line":151,"column":50}},{"start":{"line":151,"column":50},"end":{"line":151,"column":null}}],"line":151},"16":{"loc":{"start":{"line":152,"column":18},"end":{"line":152,"column":null}},"type":"cond-expr","locations":[{"start":{"line":152,"column":30},"end":{"line":152,"column":50}},{"start":{"line":152,"column":50},"end":{"line":152,"column":null}}],"line":152},"17":{"loc":{"start":{"line":153,"column":18},"end":{"line":153,"column":null}},"type":"cond-expr","locations":[{"start":{"line":153,"column":30},"end":{"line":153,"column":54}},{"start":{"line":153,"column":54},"end":{"line":153,"column":null}}],"line":153},"18":{"loc":{"start":{"line":154,"column":18},"end":{"line":154,"column":null}},"type":"cond-expr","locations":[{"start":{"line":154,"column":26},"end":{"line":154,"column":50}},{"start":{"line":154,"column":50},"end":{"line":154,"column":null}}],"line":154}},"s":{"0":133477,"1":133477,"2":506284,"3":506284,"4":133477,"5":133477,"6":133477,"7":133477,"8":133477,"9":133477,"10":133477,"11":133477,"12":133477,"13":133477,"14":133477,"15":133477,"16":133477,"17":133477,"18":133477,"19":133477,"20":133477,"21":133477,"22":133477,"23":133477,"24":133477,"25":133477,"26":133477,"27":114766,"28":133477,"29":124548,"30":124548,"31":1252,"32":124548,"33":0,"34":124548,"35":1152,"36":124548,"37":1152,"38":124548,"39":8,"40":8,"41":8,"42":8,"43":8,"44":136,"45":136,"46":2368,"47":2368,"48":2368,"49":2368,"50":2368,"51":2368,"52":2368,"53":2368,"54":2368,"55":2368,"56":8,"57":341,"58":341,"59":341,"60":341,"61":6378,"62":6378,"63":122180,"64":122180,"65":122180,"66":122180,"67":122180,"68":122180,"69":341,"70":341,"71":341,"72":341,"73":341,"74":341,"75":6378,"76":6378,"77":122180,"78":122180,"79":122180,"80":122180,"81":122180,"82":122180,"83":122180,"84":122180,"85":122180,"86":122180,"87":341,"88":340},"f":{"0":133477,"1":506284,"2":133477,"3":124548,"4":8,"5":341,"6":341,"7":340},"b":{"0":[1472,132005],"1":[35360,98117],"2":[126571,6906],"3":[126571,6906],"4":[126571,6906],"5":[126571,6906],"6":[114766,18711],"7":[1252,123296],"8":[0,124548],"9":[1152,123396],"10":[1152,123396],"11":[2232,136],"12":[2232,136],"13":[2232,136],"14":[2232,136],"15":[115802,6378],"16":[115802,6378],"17":[115802,6378],"18":[115802,6378]},"meta":{"lastBranch":19,"lastFunction":8,"lastStatement":89,"seen":{"f:39:9:39:18":0,"s:40:19:40:Infinity":0,"s:41:2:41:Infinity":1,"f:44:9:44:16":1,"s:45:12:45:Infinity":2,"s:46:2:46:Infinity":3,"f:54:16:54:24":2,"s:55:12:55:Infinity":4,"s:56:12:56:Infinity":5,"s:57:12:57:Infinity":6,"s:58:12:58:Infinity":7,"s:59:12:59:Infinity":8,"s:60:19:60:Infinity":9,"s:61:12:61:Infinity":10,"b:61:26:61:54:61:54:61:Infinity":0,"s:63:15:63:Infinity":11,"s:64:15:64:Infinity":12,"s:65:15:65:Infinity":13,"s:66:15:66:Infinity":14,"s:67:18:67:Infinity":15,"b:67:35:67:39:67:39:67:Infinity":1,"s:68:13:68:Infinity":16,"b:68:20:68:42:68:42:68:Infinity":2,"s:69:13:69:Infinity":17,"b:69:20:69:42:69:42:69:Infinity":3,"s:70:13:70:Infinity":18,"b:70:20:70:42:70:42:70:Infinity":4,"s:71:13:71:Infinity":19,"b:71:20:71:42:71:42:71:Infinity":5,"s:73:13:73:Infinity":20,"s:74:13:74:Infinity":21,"s:75:13:75:Infinity":22,"s:76:13:76:Infinity":23,"s:77:15:77:Infinity":24,"s:78:10:78:Infinity":25,"b:79:2:79:Infinity:undefined:undefined:undefined:undefined":6,"s:79:2:79:Infinity":26,"s:79:16:79:Infinity":27,"s:80:2:80:Infinity":28,"f:84:9:84:27":3,"s:85:10:85:Infinity":29,"b:86:2:86:Infinity:undefined:undefined:undefined:undefined":7,"s:86:2:86:Infinity":30,"s:86:18:86:Infinity":31,"b:87:2:87:Infinity:undefined:undefined:undefined:undefined":8,"s:87:2:87:Infinity":32,"s:87:21:87:Infinity":33,"b:88:2:88:Infinity:undefined:undefined:undefined:undefined":9,"s:88:2:88:Infinity":34,"s:88:19:88:Infinity":35,"b:89:2:89:Infinity:undefined:undefined:undefined:undefined":10,"s:89:2:89:Infinity":36,"s:89:18:89:Infinity":37,"s:90:2:90:Infinity":38,"f:98:16:98:31":4,"s:99:12:99:Infinity":39,"s:100:15:100:Infinity":40,"s:101:14:101:Infinity":41,"s:102:2:115:Infinity":42,"s:102:15:102:18":43,"s:103:4:114:Infinity":44,"s:103:17:103:20":45,"s:104:16:104:Infinity":46,"s:105:17:105:Infinity":47,"s:106:22:106:Infinity":48,"s:107:18:107:Infinity":49,"b:107:26:107:55:107:55:107:Infinity":11,"s:108:18:108:Infinity":50,"b:108:30:108:59:108:59:108:Infinity":12,"s:109:18:109:Infinity":51,"b:109:30:109:59:109:59:109:Infinity":13,"s:110:18:110:Infinity":52,"b:110:26:110:55:110:55:110:Infinity":14,"s:111:21:111:Infinity":53,"s:112:19:112:Infinity":54,"s:113:6:113:Infinity":55,"s:116:2:116:Infinity":56,"f:126:16:126:28":5,"s:127:12:127:Infinity":57,"s:128:15:128:Infinity":58,"s:129:2:138:Infinity":59,"s:129:15:129:18":60,"s:130:4:137:Infinity":61,"s:130:17:130:20":62,"s:131:16:131:Infinity":63,"s:132:12:132:Infinity":64,"s:133:6:133:Infinity":65,"s:134:6:134:Infinity":66,"s:135:6:135:Infinity":67,"s:136:6:136:Infinity":68,"s:139:2:139:Infinity":69,"f:142:16:142:26":6,"s:143:12:143:Infinity":70,"s:144:15:144:Infinity":71,"s:145:14:145:Infinity":72,"s:146:2:159:Infinity":73,"s:146:15:146:18":74,"s:147:4:158:Infinity":75,"s:147:17:147:20":76,"s:148:16:148:Infinity":77,"s:149:16:149:Infinity":78,"s:150:22:150:Infinity":79,"s:151:18:151:Infinity":80,"b:151:26:151:50:151:50:151:Infinity":15,"s:152:18:152:Infinity":81,"b:152:30:152:50:152:50:152:Infinity":16,"s:153:18:153:Infinity":82,"b:153:30:153:54:153:54:153:Infinity":17,"s:154:18:154:Infinity":83,"b:154:26:154:50:154:50:154:Infinity":18,"s:155:21:155:Infinity":84,"s:156:19:156:Infinity":85,"s:157:6:157:Infinity":86,"s:160:2:160:Infinity":87,"f:163:16:163:28":7,"s:164:2:164:Infinity":88},"fnNames":{}}}
}
